-> GET /sso/Login?forwardTo=22&RL=1&ip2loc=US
<- 200 GET /sso/Login?forwardTo=22&RL=1&ip2loc=US
-> GET /sso/Templates/otp-responsive.css?1591120480275
-> GET /sso/CombineFiles
-> GET /stylesheet/web/ib-common.css
<- 200 GET /sso/Templates/otp-responsive.css?1591120480275
<- 304 GET /stylesheet/web/ib-common.css
<- 200 GET /sso/CombineFiles
-> GET /images/2015/template/logo-ib-ibkr-txtwht.svg
-> GET /fonts/Proxima-Nova-Regular.woff2
<- 200 GET /fonts/Proxima-Nova-Regular.woff2
<- 200 GET /images/2015/template/logo-ib-ibkr-txtwht.svg
-> POST /sso/Authenticator;jsessionid=10B64D78ACBDA2437669F1444BAABA07.ny5wwwdamsso1?95066
<- 200 POST /sso/Authenticator;jsessionid=10B64D78ACBDA2437669F1444BAABA07.ny5wwwdamsso1?95066
-> POST /sso/Authenticator;jsessionid=10B64D78ACBDA2437669F1444BAABA07.ny5wwwdamsso1?30669
<- 200 POST /sso/Authenticator;jsessionid=10B64D78ACBDA2437669F1444BAABA07.ny5wwwdamsso1?30669
-> POST /sso/Authenticator;jsessionid=10B64D78ACBDA2437669F1444BAABA07.ny5wwwdamsso1?49717
<- 200 POST /sso/Authenticator;jsessionid=10B64D78ACBDA2437669F1444BAABA07.ny5wwwdamsso1?49717
-> POST /sso/Authenticator;jsessionid=10B64D78ACBDA2437669F1444BAABA07.ny5wwwdamsso1?11146
<- 200 POST /sso/Authenticator;jsessionid=10B64D78ACBDA2437669F1444BAABA07.ny5wwwdamsso1?11146
-> POST /sso/Dispatcher;jsessionid=10B64D78ACBDA2437669F1444BAABA07.ny5wwwdamsso1
<- 302 POST /sso/Dispatcher;jsessionid=10B64D78ACBDA2437669F1444BAABA07.ny5wwwdamsso1
-> request: /v1/api/sso/validate?gw=1
-> request: /AccountManagement/OneBarAuthentication?json=1
-> GET /AccountManagement/OneBarAuthentication?json=1,404|1175ms
-> GET /v1/api/sso/validate?gw=1,200|1220ms
-> request: /v1/api/one/user
-> request: /sso/AuthenticateSSODH?ACTION=INIT
-> sso GET https://api.ibkr.com/sso/AuthenticateSSODH?ACTION=INIT
-> request: /sso/AuthenticateSSODH?ACTION=COMPLETE&B=7af35daef99a4a9d8b9a7d2485241ebbc06f4ba64fabb505f1132f47b043f6266b4ad6139197e6c5140f8cf04a595708c9f45056cec2cb5d4be61d1f1e0ddae9&CHRESPONSE=5490c43484ea61d19a20ee09999cd21511da3775
-> sso GET https://api.ibkr.com/sso/AuthenticateSSODH?ACTION=COMPLETE&B=7af35daef99a4a9d8b9a7d2485241ebbc06f4ba64fabb505f1132f47b043f6266b4ad6139197e6c5140f8cf04a595708c9f45056cec2cb5d4be61d1f1e0ddae9&CHRESPONSE=5490c43484ea61d19a20ee09999cd21511da3775
-> GET /v1/api/one/user,200|641ms
-> request: /v1/api/iserver/auth/status
-> GET /v1/api/iserver/auth/status,200|323ms
-> request: /v1/api/iserver/auth/ssodh/init
-> POST https://api.ibkr.com/v1/api/iserver/auth/ssodh/init,200|1206ms
-> request: /v1/api/iserver/auth/ssodh/response
-> POST https://api.ibkr.com/v1/api/iserver/auth/ssodh/response,200|610ms
-> request: /v1/api/iserver/accounts
-> GET /v1/api/iserver/accounts,200|304ms
-> request: /v1/api/tickle
-> GET /v1/api/tickle,200|1208ms
-> request: /v1/api/tickle
-> GET /v1/api/tickle,200|1334ms
-> request: /v1/api/tickle
-> GET /v1/api/tickle,200|1118ms
-> POST /v1/portal/iserver/auth/status
<- 200 POST /v1/portal/iserver/auth/status
-> request: /v1/api/tickle
-> GET /v1/api/tickle,200|1194ms
-> POST /v1/portal/iserver/auth/status
<- 200 POST /v1/portal/iserver/auth/status
-> POST /v1/portal/iserver/account/U3818550/order
<- 400 POST /v1/portal/iserver/account/U3818550/order
-> request: /v1/api/tickle
-> POST /v1/portal/iserver/auth/status
-> GET /v1/api/tickle,200|974ms
<- 200 POST /v1/portal/iserver/auth/status
-> GET /v1/portal/sso/validate
<- 200 GET /v1/portal/sso/validate
-> GET /v1/portal/sso/validate
<- 200 GET /v1/portal/sso/validate
-> request: /v1/api/tickle
-> GET /v1/api/tickle,200|1016ms
-> GET /v1/portal/sso/validate
<- 200 GET /v1/portal/sso/validate
-> POST /v1/portal/iserver/auth/status
<- 200 POST /v1/portal/iserver/auth/status
-> POST /v1/portal/iserver/auth/status
<- 200 POST /v1/portal/iserver/auth/status
-> POST /v1/portal/iserver/account/U3818550/order
<- 400 POST /v1/portal/iserver/account/U3818550/order
-> request: /v1/api/tickle
-> GET /v1/api/tickle,200|939ms
-> POST /v1/portal/iserver/account
<- 500 POST /v1/portal/iserver/account
-> POST /v1/portal/iserver/secdef/search
-> request: /v1/api/tickle
-> GET /v1/api/tickle,200|776ms
<- 200 POST /v1/portal/iserver/secdef/search
-> GET /v1/portal/iserver/account/orders
<- 500 GET /v1/portal/iserver/account/orders
-> GET /v1/portal/iserver/account/orders
<- 200 GET /v1/portal/iserver/account/orders
-> GET /v1/portal/iserver/account
<- 404 GET /v1/portal/iserver/account
-> request: /v1/api/tickle
-> GET /v1/api/tickle,200|265ms
-> POST /v1/portal/iserver/auth/status
<- 200 POST /v1/portal/iserver/auth/status
-> POST /v1/portal/iserver/account/U3818550/order
<- 200 POST /v1/portal/iserver/account/U3818550/order
-> GET /v1/portal/iserver/account/orders
<- 200 GET /v1/portal/iserver/account/orders
-> request: /sso/ping
-> GET /sso/ping,200|262ms
-> request: /v1/api/tickle
-> GET /v1/api/tickle,200|1091ms
-> GET /v1/portal/iserver/account/orders
<- 200 GET /v1/portal/iserver/account/orders
-> request: /v1/api/tickle
-> GET /v1/api/tickle,200|1680ms
-> POST /v1/portal/iserver/auth/status
<- 200 POST /v1/portal/iserver/auth/status
-> POST /v1/portal/iserver/account/U3818550/order
<- 200 POST /v1/portal/iserver/account/U3818550/order
-> POST /v1/portal/iserver/reply/a65a14b5-f27f-4c36-8858-5b039d6623d9
<- 200 POST /v1/portal/iserver/reply/a65a14b5-f27f-4c36-8858-5b039d6623d9
-> GET /v1/portal/iserver/account/orders
<- 200 GET /v1/portal/iserver/account/orders
-> request: /v1/api/tickle
-> GET /v1/api/tickle,200|1016ms
-> GET /v1/portal/iserver/account/orders
<- 200 GET /v1/portal/iserver/account/orders
-> request: /v1/api/tickle
-> GET /v1/api/tickle,200|1090ms
-> GET /v1/portal/iserver/account/orders
<- 200 GET /v1/portal/iserver/account/orders
-> request: /v1/api/tickle
-> GET /v1/api/tickle,200|1986ms
-> request: /v1/api/tickle
-> GET /v1/api/tickle,200|1160ms
-> request: /v1/api/tickle
-> GET /v1/api/tickle,200|1266ms
-> request: /v1/api/tickle
-> GET /v1/api/tickle,200|1377ms
-> request: /v1/api/tickle
-> GET /v1/api/tickle,200|1178ms
-> POST /v1/portal/iserver/auth/status
<- 200 POST /v1/portal/iserver/auth/status
-> GET /v1/portal/sso/validate
-> request: /v1/api/tickle
<- 200 GET /v1/portal/sso/validate
-> GET /v1/api/tickle,200|959ms
-> POST /v1/portal/iserver/account/U3818550/order
<- 200 POST /v1/portal/iserver/account/U3818550/order
-> request: /sso/ping
-> GET /sso/ping,200|1230ms
-> request: /v1/api/tickle
-> POST /v1/portal/iserver/reply/d3e333fe-c0cd-4499-92d9-62ba8626f1f4
-> request: /v1/api/tickle
<- 200 POST /v1/portal/iserver/reply/d3e333fe-c0cd-4499-92d9-62ba8626f1f4
-> GET /v1/api/tickle,200|1203ms
-> POST /v1/portal/iserver/reply/e1155001-98ee-4a43-ab85-180e707055f6
<- 200 POST /v1/portal/iserver/reply/e1155001-98ee-4a43-ab85-180e707055f6
-> GET /v1/portal/iserver/account/orders
<- 200 GET /v1/portal/iserver/account/orders
-> request: /v1/api/tickle
-> GET /v1/api/tickle,200|388ms
-> request: /v1/api/tickle
-> GET /v1/api/tickle,200|1352ms
-> request: /v1/api/tickle
-> GET /v1/api/tickle,200|1140ms
-> request: /v1/api/tickle
-> GET /v1/api/tickle,200|1308ms
-> DELETE /v1/portal/iserver/account/u/order/%7BorigCustomerOrderId%7D
<- 400 DELETE /v1/portal/iserver/account/u/order/%7BorigCustomerOrderId%7D
-> GET /v1/portal/iserver/account/orders
<- 200 GET /v1/portal/iserver/account/orders
-> request: /v1/api/tickle
-> GET /v1/api/tickle,200|258ms
-> DELETE /v1/portal/iserver/account/u/order/ENB1591121096
<- 400 DELETE /v1/portal/iserver/account/u/order/ENB1591121096
-> request: /v1/api/tickle
-> GET /v1/api/tickle,200|911ms
-> DELETE /v1/portal/iserver/account/U3818550/order/ENB1591121096
<- 400 DELETE /v1/portal/iserver/account/U3818550/order/ENB1591121096
-> GET /v1/portal/iserver/account/orders
<- 200 GET /v1/portal/iserver/account/orders
-> request: /v1/api/tickle
-> GET /v1/api/tickle,200|1279ms
-> request: /v1/api/tickle
-> GET /v1/api/tickle,200|1417ms
-> GET /v1/portal/iserver/account/U3818550/order/204858498
<- 500 GET /v1/portal/iserver/account/U3818550/order/204858498
-> DELETE /v1/portal/iserver/account/U3818550/order/204858498
<- 200 DELETE /v1/portal/iserver/account/U3818550/order/204858498
-> request: /sso/ping
-> GET /sso/ping,200|445ms
-> request: /v1/api/tickle
-> GET /v1/api/tickle,200|1236ms
-> POST /v1/portal/iserver/account/U3818550/order
-> GET /v1/portal/sso/validate
<- 400 POST /v1/portal/iserver/account/U3818550/order
<- 200 GET /v1/portal/sso/validate
-> request: /v1/api/tickle
-> POST /v1/portal/iserver/auth/status
-> GET /v1/api/tickle,200|1290ms
<- 200 POST /v1/portal/iserver/auth/status
-> POST /v1/portal/iserver/account/U3818550/order
<- 200 POST /v1/portal/iserver/account/U3818550/order
-> POST /v1/portal/iserver/reply/ab014fe6-694c-41cb-b550-cb38c1771e13
-> GET /v1/portal/sso/validate
<- 200 POST /v1/portal/iserver/reply/ab014fe6-694c-41cb-b550-cb38c1771e13
-> GET /v1/portal/iserver/account/orders
<- 200 GET /v1/portal/iserver/account/orders
<- 200 GET /v1/portal/sso/validate
-> request: /v1/api/tickle
-> GET /v1/api/tickle,200|1434ms
-> request: /v1/api/tickle
-> GET /v1/api/tickle,200|1538ms
-> POST /v1/portal/iserver/auth/status
<- 200 POST /v1/portal/iserver/auth/status
-> POST /v1/portal/iserver/account/U3818550/order
<- 200 POST /v1/portal/iserver/account/U3818550/order
-> request: /v1/api/tickle
-> GET /v1/api/tickle,200|252ms
-> POST /v1/portal/iserver/reply/0f3c358d-43e0-4611-b9b5-d6b853fbfd34
<- 200 POST /v1/portal/iserver/reply/0f3c358d-43e0-4611-b9b5-d6b853fbfd34
-> GET /v1/portal/iserver/account/orders
<- 200 GET /v1/portal/iserver/account/orders
-> request: /v1/api/tickle
-> GET /v1/api/tickle,200|1434ms
-> POST /v1/portal/iserver/auth/status
<- 200 POST /v1/portal/iserver/auth/status
-> POST /v1/portal/iserver/account/U3818550/order
<- 200 POST /v1/portal/iserver/account/U3818550/order
-> POST /v1/portal/iserver/reply/da29b748-d1fe-4888-9934-ebcc0a43fec7
uri /v1/portal/iserver/reply/da29b748-d1fe-4888-9934-ebcc0a43fec7 failed
io.vertx.core.VertxException: Connection was closed
	at io.vertx.core.http.impl.ClientConnection.handleClosed(ClientConnection.java:406) ~[vertx-core-3.5.0.jar:na]
	at io.vertx.core.impl.ContextImpl.lambda$wrapTask$2(ContextImpl.java:342) ~[vertx-core-3.5.0.jar:na]
	at io.vertx.core.impl.ContextImpl.executeFromIO(ContextImpl.java:200) ~[vertx-core-3.5.0.jar:na]
	at io.vertx.core.net.impl.VertxHandler.channelInactive(VertxHandler.java:134) ~[vertx-core-3.5.0.jar:na]
	at io.netty.channel.AbstractChannelHandlerContext.invokeChannelInactive(AbstractChannelHandlerContext.java:245) ~[netty-transport-4.1.15.Final.jar:4.1.15.Final]
	at io.netty.channel.AbstractChannelHandlerContext.invokeChannelInactive(AbstractChannelHandlerContext.java:231) ~[netty-transport-4.1.15.Final.jar:4.1.15.Final]
	at io.netty.channel.AbstractChannelHandlerContext.fireChannelInactive(AbstractChannelHandlerContext.java:224) ~[netty-transport-4.1.15.Final.jar:4.1.15.Final]
	at io.netty.channel.CombinedChannelDuplexHandler$DelegatingChannelHandlerContext.fireChannelInactive(CombinedChannelDuplexHandler.java:420) ~[netty-transport-4.1.15.Final.jar:4.1.15.Final]
	at io.netty.handler.codec.ByteToMessageDecoder.channelInputClosed(ByteToMessageDecoder.java:377) ~[netty-codec-4.1.15.Final.jar:4.1.15.Final]
	at io.netty.handler.codec.ByteToMessageDecoder.channelInactive(ByteToMessageDecoder.java:342) ~[netty-codec-4.1.15.Final.jar:4.1.15.Final]
	at io.netty.handler.codec.http.HttpClientCodec$Decoder.channelInactive(HttpClientCodec.java:281) ~[netty-codec-http-4.1.15.Final.jar:4.1.15.Final]
	at io.netty.channel.CombinedChannelDuplexHandler.channelInactive(CombinedChannelDuplexHandler.java:223) ~[netty-transport-4.1.15.Final.jar:4.1.15.Final]
	at io.netty.channel.AbstractChannelHandlerContext.invokeChannelInactive(AbstractChannelHandlerContext.java:245) ~[netty-transport-4.1.15.Final.jar:4.1.15.Final]
	at io.netty.channel.AbstractChannelHandlerContext.invokeChannelInactive(AbstractChannelHandlerContext.java:231) ~[netty-transport-4.1.15.Final.jar:4.1.15.Final]
	at io.netty.channel.AbstractChannelHandlerContext.fireChannelInactive(AbstractChannelHandlerContext.java:224) ~[netty-transport-4.1.15.Final.jar:4.1.15.Final]
	at io.netty.handler.codec.ByteToMessageDecoder.channelInputClosed(ByteToMessageDecoder.java:377) ~[netty-codec-4.1.15.Final.jar:4.1.15.Final]
	at io.netty.handler.codec.ByteToMessageDecoder.channelInactive(ByteToMessageDecoder.java:342) ~[netty-codec-4.1.15.Final.jar:4.1.15.Final]
	at io.netty.handler.ssl.SslHandler.channelInactive(SslHandler.java:978) ~[netty-handler-4.1.15.Final.jar:4.1.15.Final]
	at io.netty.channel.AbstractChannelHandlerContext.invokeChannelInactive(AbstractChannelHandlerContext.java:245) ~[netty-transport-4.1.15.Final.jar:4.1.15.Final]
	at io.netty.channel.AbstractChannelHandlerContext.invokeChannelInactive(AbstractChannelHandlerContext.java:231) ~[netty-transport-4.1.15.Final.jar:4.1.15.Final]
	at io.netty.channel.AbstractChannelHandlerContext.fireChannelInactive(AbstractChannelHandlerContext.java:224) ~[netty-transport-4.1.15.Final.jar:4.1.15.Final]
	at io.netty.channel.DefaultChannelPipeline$HeadContext.channelInactive(DefaultChannelPipeline.java:1354) ~[netty-transport-4.1.15.Final.jar:4.1.15.Final]
	at io.netty.channel.AbstractChannelHandlerContext.invokeChannelInactive(AbstractChannelHandlerContext.java:245) ~[netty-transport-4.1.15.Final.jar:4.1.15.Final]
	at io.netty.channel.AbstractChannelHandlerContext.invokeChannelInactive(AbstractChannelHandlerContext.java:231) ~[netty-transport-4.1.15.Final.jar:4.1.15.Final]
	at io.netty.channel.DefaultChannelPipeline.fireChannelInactive(DefaultChannelPipeline.java:917) ~[netty-transport-4.1.15.Final.jar:4.1.15.Final]
	at io.netty.channel.AbstractChannel$AbstractUnsafe$7.run(AbstractChannel.java:763) ~[netty-transport-4.1.15.Final.jar:4.1.15.Final]
	at io.netty.util.concurrent.AbstractEventExecutor.safeExecute(AbstractEventExecutor.java:163) ~[netty-common-4.1.15.Final.jar:4.1.15.Final]
	at io.netty.util.concurrent.SingleThreadEventExecutor.runAllTasks(SingleThreadEventExecutor.java:403) ~[netty-common-4.1.15.Final.jar:4.1.15.Final]
	at io.netty.channel.nio.NioEventLoop.run(NioEventLoop.java:463) ~[netty-transport-4.1.15.Final.jar:4.1.15.Final]
	at io.netty.util.concurrent.SingleThreadEventExecutor$5.run(SingleThreadEventExecutor.java:858) ~[netty-common-4.1.15.Final.jar:4.1.15.Final]
	at java.lang.Thread.run(Thread.java:748) ~[na:1.8.0_252]
-> GET /v1/portal/sso/validate
<- 200 GET /v1/portal/sso/validate
-> POST /v1/portal/iserver/auth/status
-> request: /v1/api/tickle
<- 200 POST /v1/portal/iserver/auth/status
-> POST /v1/portal/iserver/account/U3818550/order
<- 200 POST /v1/portal/iserver/account/U3818550/order
-> GET /v1/api/tickle,200|931ms
-> POST /v1/portal/iserver/reply/358f389e-291f-4200-9009-a353571520d6
uri /v1/portal/iserver/reply/358f389e-291f-4200-9009-a353571520d6 failed
io.vertx.core.VertxException: Connection was closed
	at io.vertx.core.http.impl.ClientConnection.handleClosed(ClientConnection.java:406) ~[vertx-core-3.5.0.jar:na]
	at io.vertx.core.impl.ContextImpl.lambda$wrapTask$2(ContextImpl.java:342) ~[vertx-core-3.5.0.jar:na]
	at io.vertx.core.impl.ContextImpl.executeFromIO(ContextImpl.java:200) ~[vertx-core-3.5.0.jar:na]
	at io.vertx.core.net.impl.VertxHandler.channelInactive(VertxHandler.java:134) ~[vertx-core-3.5.0.jar:na]
	at io.netty.channel.AbstractChannelHandlerContext.invokeChannelInactive(AbstractChannelHandlerContext.java:245) ~[netty-transport-4.1.15.Final.jar:4.1.15.Final]
	at io.netty.channel.AbstractChannelHandlerContext.invokeChannelInactive(AbstractChannelHandlerContext.java:231) ~[netty-transport-4.1.15.Final.jar:4.1.15.Final]
	at io.netty.channel.AbstractChannelHandlerContext.fireChannelInactive(AbstractChannelHandlerContext.java:224) ~[netty-transport-4.1.15.Final.jar:4.1.15.Final]
	at io.netty.channel.CombinedChannelDuplexHandler$DelegatingChannelHandlerContext.fireChannelInactive(CombinedChannelDuplexHandler.java:420) ~[netty-transport-4.1.15.Final.jar:4.1.15.Final]
	at io.netty.handler.codec.ByteToMessageDecoder.channelInputClosed(ByteToMessageDecoder.java:377) ~[netty-codec-4.1.15.Final.jar:4.1.15.Final]
	at io.netty.handler.codec.ByteToMessageDecoder.channelInactive(ByteToMessageDecoder.java:342) ~[netty-codec-4.1.15.Final.jar:4.1.15.Final]
	at io.netty.handler.codec.http.HttpClientCodec$Decoder.channelInactive(HttpClientCodec.java:281) ~[netty-codec-http-4.1.15.Final.jar:4.1.15.Final]
	at io.netty.channel.CombinedChannelDuplexHandler.channelInactive(CombinedChannelDuplexHandler.java:223) ~[netty-transport-4.1.15.Final.jar:4.1.15.Final]
	at io.netty.channel.AbstractChannelHandlerContext.invokeChannelInactive(AbstractChannelHandlerContext.java:245) ~[netty-transport-4.1.15.Final.jar:4.1.15.Final]
	at io.netty.channel.AbstractChannelHandlerContext.invokeChannelInactive(AbstractChannelHandlerContext.java:231) ~[netty-transport-4.1.15.Final.jar:4.1.15.Final]
	at io.netty.channel.AbstractChannelHandlerContext.fireChannelInactive(AbstractChannelHandlerContext.java:224) ~[netty-transport-4.1.15.Final.jar:4.1.15.Final]
	at io.netty.handler.codec.ByteToMessageDecoder.channelInputClosed(ByteToMessageDecoder.java:377) ~[netty-codec-4.1.15.Final.jar:4.1.15.Final]
	at io.netty.handler.codec.ByteToMessageDecoder.channelInactive(ByteToMessageDecoder.java:342) ~[netty-codec-4.1.15.Final.jar:4.1.15.Final]
	at io.netty.handler.ssl.SslHandler.channelInactive(SslHandler.java:978) ~[netty-handler-4.1.15.Final.jar:4.1.15.Final]
	at io.netty.channel.AbstractChannelHandlerContext.invokeChannelInactive(AbstractChannelHandlerContext.java:245) ~[netty-transport-4.1.15.Final.jar:4.1.15.Final]
	at io.netty.channel.AbstractChannelHandlerContext.invokeChannelInactive(AbstractChannelHandlerContext.java:231) ~[netty-transport-4.1.15.Final.jar:4.1.15.Final]
	at io.netty.channel.AbstractChannelHandlerContext.fireChannelInactive(AbstractChannelHandlerContext.java:224) ~[netty-transport-4.1.15.Final.jar:4.1.15.Final]
	at io.netty.channel.DefaultChannelPipeline$HeadContext.channelInactive(DefaultChannelPipeline.java:1354) ~[netty-transport-4.1.15.Final.jar:4.1.15.Final]
	at io.netty.channel.AbstractChannelHandlerContext.invokeChannelInactive(AbstractChannelHandlerContext.java:245) ~[netty-transport-4.1.15.Final.jar:4.1.15.Final]
	at io.netty.channel.AbstractChannelHandlerContext.invokeChannelInactive(AbstractChannelHandlerContext.java:231) ~[netty-transport-4.1.15.Final.jar:4.1.15.Final]
	at io.netty.channel.DefaultChannelPipeline.fireChannelInactive(DefaultChannelPipeline.java:917) ~[netty-transport-4.1.15.Final.jar:4.1.15.Final]
	at io.netty.channel.AbstractChannel$AbstractUnsafe$7.run(AbstractChannel.java:763) ~[netty-transport-4.1.15.Final.jar:4.1.15.Final]
	at io.netty.util.concurrent.AbstractEventExecutor.safeExecute(AbstractEventExecutor.java:163) ~[netty-common-4.1.15.Final.jar:4.1.15.Final]
	at io.netty.util.concurrent.SingleThreadEventExecutor.runAllTasks(SingleThreadEventExecutor.java:403) ~[netty-common-4.1.15.Final.jar:4.1.15.Final]
	at io.netty.channel.nio.NioEventLoop.run(NioEventLoop.java:463) ~[netty-transport-4.1.15.Final.jar:4.1.15.Final]
	at io.netty.util.concurrent.SingleThreadEventExecutor$5.run(SingleThreadEventExecutor.java:858) ~[netty-common-4.1.15.Final.jar:4.1.15.Final]
	at java.lang.Thread.run(Thread.java:748) ~[na:1.8.0_252]
-> GET /v1/portal/sso/validate
<- 200 GET /v1/portal/sso/validate
-> POST /v1/portal/iserver/auth/status
<- 200 POST /v1/portal/iserver/auth/status
-> POST /v1/portal/iserver/account/U3818550/order
<- 200 POST /v1/portal/iserver/account/U3818550/order
-> POST /v1/portal/iserver/reply/5df349cd-c28a-4511-904a-49b80ada5c17
-> request: /v1/api/tickle
-> GET /v1/portal/sso/validate
<- 200 POST /v1/portal/iserver/reply/5df349cd-c28a-4511-904a-49b80ada5c17
-> GET /v1/api/tickle,200|1342ms
<- 200 GET /v1/portal/sso/validate
-> GET /v1/portal/sso/validate
<- 200 GET /v1/portal/sso/validate
-> request: /v1/api/tickle
-> GET /v1/api/tickle,200|264ms
-> GET /v1/portal/sso/validate
<- 200 GET /v1/portal/sso/validate
-> GET /v1/portal/sso/validate
-> POST /v1/portal/iserver/reply/643a3624-02f8-4873-85b9-0b0e79216f02
<- 200 GET /v1/portal/sso/validate
<- 200 POST /v1/portal/iserver/reply/643a3624-02f8-4873-85b9-0b0e79216f02
-> GET /v1/portal/sso/validate
<- 200 GET /v1/portal/sso/validate
-> request: /v1/api/tickle
-> GET /v1/api/tickle,200|1239ms
-> request: /sso/ping
-> GET /sso/ping,200|1470ms
-> request: /v1/api/tickle
-> GET /v1/api/tickle,200|280ms
-> POST /v1/portal/iserver/reply/e1155001-98ee-4a43-ab85-180e707055f6
-> request: /v1/api/tickle
-> POST /v1/portal/iserver/account/U3818550/order
<- 503 POST /v1/portal/iserver/reply/e1155001-98ee-4a43-ab85-180e707055f6
-> GET /v1/api/tickle,200|1142ms
<- 400 POST /v1/portal/iserver/account/U3818550/order
-> POST /v1/portal/iserver/account/U3818550/order
<- 200 POST /v1/portal/iserver/account/U3818550/order
-> POST /v1/portal/iserver/reply/d540cd6f-99a8-4254-b0a5-3cffce5073a7
-> request: /v1/api/tickle
<- 200 POST /v1/portal/iserver/reply/d540cd6f-99a8-4254-b0a5-3cffce5073a7
-> GET /v1/api/tickle,200|940ms
-> POST /v1/portal/iserver/reply/ba3e2324-e261-472a-ba63-1f339af87e82
<- 200 POST /v1/portal/iserver/reply/ba3e2324-e261-472a-ba63-1f339af87e82
-> request: /v1/api/tickle
-> GET /v1/api/tickle,200|1341ms
-> request: /v1/api/tickle
-> GET /v1/api/tickle,200|1431ms
-> request: /v1/api/tickle
-> GET /v1/api/tickle,200|1243ms
-> request: /v1/api/tickle
-> GET /v1/api/tickle,200|1339ms
-> request: /v1/api/tickle
-> GET /v1/api/tickle,200|1147ms
-> request: /v1/api/tickle
-> GET /v1/api/tickle,200|1197ms
-> POST /v1/portal/iserver/auth/status
<- 200 POST /v1/portal/iserver/auth/status
-> POST /v1/portal/iserver/account/U3818550/order
<- 200 POST /v1/portal/iserver/account/U3818550/order
-> POST /v1/portal/iserver/reply/9fc730fc-2ca8-46a5-a0b7-888fa4dd0cb4
<- 200 POST /v1/portal/iserver/reply/9fc730fc-2ca8-46a5-a0b7-888fa4dd0cb4
-> POST /v1/portal/iserver/reply/20e9b5eb-b5b5-4134-b324-cd07bb8d7d60
-> request: /v1/api/tickle
-> GET /v1/api/tickle,200|1055ms
<- 200 POST /v1/portal/iserver/reply/20e9b5eb-b5b5-4134-b324-cd07bb8d7d60
-> GET /v1/portal/iserver/account/orders
<- 200 GET /v1/portal/iserver/account/orders
-> request: /sso/ping
-> GET /sso/ping,200|1287ms
-> request: /v1/api/tickle
-> GET /v1/api/tickle,200|278ms
-> request: /v1/api/tickle
-> GET /v1/api/tickle,200|1211ms
-> request: /v1/api/tickle
-> GET /v1/api/tickle,200|1557ms
-> request: /v1/api/tickle
-> GET /v1/api/tickle,200|1067ms
-> GET /v1/portal/iserver/account/orders
<- 200 GET /v1/portal/iserver/account/orders
-> request: /v1/api/tickle
-> GET /v1/api/tickle,200|286ms
-> request: /v1/api/tickle
-> GET /v1/api/tickle,200|1298ms
-> request: /v1/api/tickle
-> GET /v1/api/tickle,200|1058ms
-> request: /v1/api/tickle
-> GET /v1/api/tickle,200|1203ms
-> request: /v1/api/tickle
-> GET /v1/api/tickle,200|1317ms
-> request: /v1/api/tickle
-> GET /v1/api/tickle,200|1162ms
-> request: /sso/ping
-> GET /sso/ping,200|2243ms
-> request: /v1/api/tickle
-> GET /v1/api/tickle,200|304ms
-> POST /v1/portal/iserver/auth/status
<- 200 POST /v1/portal/iserver/auth/status
-> POST /v1/portal/iserver/account/U3818550/order
<- 200 POST /v1/portal/iserver/account/U3818550/order
-> POST /v1/portal/iserver/reply/6b17f8d5-a4cb-48cd-8697-b9c402be5516
<- 200 POST /v1/portal/iserver/reply/6b17f8d5-a4cb-48cd-8697-b9c402be5516
-> GET /v1/portal/iserver/account/orders
<- 200 GET /v1/portal/iserver/account/orders
-> request: /v1/api/tickle
-> GET /v1/api/tickle,200|1191ms
-> request: /v1/api/tickle
-> GET /v1/api/tickle,200|1323ms
-> POST /v1/portal/iserver/auth/status
<- 200 POST /v1/portal/iserver/auth/status
-> request: /v1/api/tickle
-> POST /v1/portal/iserver/account/U3818550/order
-> GET /v1/api/tickle,200|265ms
<- 200 POST /v1/portal/iserver/account/U3818550/order
-> POST /v1/portal/iserver/reply/b1f061e4-1f79-43a5-be90-3d938c5691d3
<- 200 POST /v1/portal/iserver/reply/b1f061e4-1f79-43a5-be90-3d938c5691d3
-> POST /v1/portal/iserver/reply/2e3c6a19-c113-4e0b-8488-5881ac6ac85f
<- 200 POST /v1/portal/iserver/reply/2e3c6a19-c113-4e0b-8488-5881ac6ac85f
-> GET /v1/portal/iserver/account/orders
<- 200 GET /v1/portal/iserver/account/orders
-> GET /v1/portal/iserver/account/orders
<- 200 GET /v1/portal/iserver/account/orders
-> request: /v1/api/tickle
-> GET /v1/api/tickle,200|1364ms
-> request: /v1/api/tickle
-> GET /v1/api/tickle,200|1032ms
-> request: /v1/api/tickle
-> GET /v1/api/tickle,200|1039ms
-> request: /v1/api/tickle
-> GET /v1/api/tickle,200|1055ms
-> request: /v1/api/tickle
-> GET /v1/api/tickle,200|1021ms
-> request: /v1/api/tickle
-> GET /v1/api/tickle,200|1068ms
-> request: /sso/ping
-> GET /sso/ping,200|1072ms
-> request: /v1/api/tickle
-> request: /v1/api/tickle
-> GET /v1/api/tickle,200|1070ms
-> request: /v1/api/tickle
-> GET /v1/api/tickle,200|1014ms
-> request: /v1/api/tickle
-> GET /v1/api/tickle,200|1076ms
-> request: /v1/api/tickle
-> GET /v1/api/tickle,200|1069ms
-> request: /v1/api/tickle
-> GET /v1/api/tickle,200|1017ms
-> request: /v1/api/tickle
-> GET /v1/api/tickle,200|1013ms
-> request: /v1/api/tickle
-> GET /v1/api/tickle,200|1044ms
-> request: /v1/api/tickle
-> GET /v1/api/tickle,200|4104ms
-> request: /v1/api/tickle
-> GET /v1/api/tickle,200|1057ms
-> request: /sso/ping
-> GET /sso/ping,200|1074ms
-> request: /v1/api/tickle
-> request: /v1/api/tickle
-> GET /v1/api/tickle,200|1052ms
-> request: /v1/api/tickle
-> GET /v1/api/tickle,200|1029ms
-> request: /v1/api/tickle
-> GET /v1/api/tickle,200|1078ms
-> request: /v1/api/tickle
-> GET /v1/api/tickle,200|1756ms
-> request: /v1/api/tickle
-> GET /v1/api/tickle,200|1020ms
-> request: /v1/api/tickle
-> GET /v1/api/tickle,200|1073ms
-> request: /v1/api/tickle
-> GET /v1/api/tickle,200|1045ms
-> request: /v1/api/tickle
-> GET /v1/api/tickle,200|1018ms
-> request: /v1/api/tickle
-> GET /v1/api/tickle,200|1004ms
-> request: /sso/ping
-> GET /sso/ping,200|1035ms
-> request: /v1/api/tickle
-> request: /v1/api/tickle
-> GET /v1/api/tickle,200|1048ms
-> request: /v1/api/tickle
-> GET /v1/api/tickle,200|1019ms
-> request: /v1/api/tickle
-> GET /v1/api/tickle,200|1068ms
-> request: /v1/api/tickle
-> GET /v1/api/tickle,200|1047ms
-> request: /v1/api/tickle
-> GET /v1/api/tickle,200|1052ms
-> request: /v1/api/tickle
-> GET /v1/api/tickle,200|997ms
-> request: /v1/api/tickle
-> GET /v1/api/tickle,200|1068ms
-> request: /v1/api/tickle
-> GET /v1/api/tickle,200|990ms
-> request: /v1/api/tickle
-> GET /v1/api/tickle,200|1016ms
-> request: /sso/ping
-> GET /sso/ping,200|1833ms
-> request: /v1/api/tickle
-> GET /v1/api/tickle,200|270ms
-> request: /v1/api/tickle
-> GET /v1/api/tickle,200|1048ms
-> request: /v1/api/tickle
-> GET /v1/api/tickle,200|1002ms
-> request: /v1/api/tickle
-> GET /v1/api/tickle,200|1820ms
-> request: /v1/api/tickle
-> GET /v1/api/tickle,200|1030ms
-> request: /v1/api/tickle
-> GET /v1/api/tickle,200|1069ms
-> request: /v1/api/tickle
-> GET /v1/api/tickle,200|1046ms
-> request: /v1/api/tickle
-> GET /v1/api/tickle,200|1025ms
-> request: /v1/api/tickle
-> GET /v1/api/tickle,200|1027ms
-> request: /v1/api/tickle
-> GET /v1/api/tickle,200|1075ms
-> request: /sso/ping
-> GET /sso/ping,200|1046ms
-> request: /v1/api/tickle
-> request: /v1/api/tickle
-> GET /v1/api/tickle,200|1019ms
-> request: /v1/api/tickle
-> GET /v1/api/tickle,200|1019ms
-> request: /v1/api/tickle
-> GET /v1/api/tickle,200|1030ms
-> request: /v1/api/tickle
-> GET /v1/api/tickle,200|1116ms
-> request: /v1/api/tickle
-> GET /v1/api/tickle,200|1021ms
-> request: /v1/api/tickle
-> GET /v1/api/tickle,200|1068ms
-> request: /v1/api/tickle
-> GET /v1/api/tickle,200|1029ms
-> request: /v1/api/tickle
-> GET /v1/api/tickle,200|1063ms
-> request: /v1/api/tickle
-> GET /v1/api/tickle,200|1371ms
-> request: /sso/ping
-> GET /sso/ping,200|1758ms
-> request: /v1/api/tickle
-> GET /v1/api/tickle,200|274ms
-> request: /v1/api/tickle
-> GET /v1/api/tickle,200|984ms
-> request: /v1/api/tickle
-> GET /v1/api/tickle,200|1069ms
-> request: /v1/api/tickle
-> GET /v1/api/tickle,200|1975ms
-> request: /v1/api/tickle
-> GET /v1/api/tickle,200|1065ms
-> request: /v1/api/tickle
-> GET /v1/api/tickle,200|1047ms
-> request: /v1/api/tickle
-> GET /v1/api/tickle,200|1040ms
-> request: /v1/api/tickle
-> GET /v1/api/tickle,200|1070ms
-> request: /v1/api/tickle
-> GET /v1/api/tickle,200|1072ms
-> request: /v1/api/tickle
-> GET /v1/api/tickle,200|1553ms
-> request: /sso/ping
-> GET /sso/ping,200|984ms
-> request: /v1/api/tickle
-> request: /v1/api/tickle
-> GET /v1/api/tickle,200|1034ms
-> request: /v1/api/tickle
-> GET /v1/api/tickle,200|1734ms
-> request: /v1/api/tickle
-> GET /v1/api/tickle,200|1024ms
-> request: /v1/api/tickle
-> GET /v1/api/tickle,200|1044ms
-> request: /v1/api/tickle
-> GET /v1/api/tickle,200|1015ms
-> request: /v1/api/tickle
-> GET /v1/api/tickle,200|1365ms
-> request: /v1/api/tickle
-> GET /v1/api/tickle,200|1475ms
-> request: /v1/api/tickle
-> GET /v1/api/tickle,200|1577ms
-> request: /v1/api/tickle
-> GET /v1/api/tickle,200|1395ms
-> request: /sso/ping
-> GET /sso/ping,200|1307ms
-> request: /v1/api/tickle
-> GET /v1/api/tickle,200|265ms
-> request: /v1/api/tickle
-> GET /v1/api/tickle,200|1329ms
-> request: /v1/api/tickle
-> GET /v1/api/tickle,200|1745ms
-> request: /v1/api/tickle
-> GET /v1/api/tickle,200|1241ms
-> request: /v1/api/tickle
-> GET /v1/api/tickle,200|1298ms
-> request: /v1/api/tickle
-> GET /v1/api/tickle,200|1469ms
-> request: /v1/api/tickle
-> GET /v1/api/tickle,200|4440ms
-> request: /v1/api/tickle
-> GET /v1/api/tickle,200|1468ms
-> request: /v1/api/tickle
-> GET /v1/api/tickle,200|1780ms
-> request: /v1/api/tickle
-> GET /v1/api/tickle,200|1393ms
-> request: /sso/ping
-> GET /sso/ping,200|1328ms
-> request: /v1/api/tickle
-> GET /v1/api/tickle,200|276ms
-> request: /v1/api/tickle
-> GET /v1/api/tickle,200|1306ms
-> request: /v1/api/tickle
-> GET /v1/api/tickle,200|1394ms
-> request: /v1/api/tickle
-> GET /v1/api/tickle,200|1197ms
-> request: /v1/api/tickle
-> GET /v1/api/tickle,200|1318ms
-> request: /v1/api/tickle
-> GET /v1/api/tickle,200|1429ms
-> request: /v1/api/tickle
-> GET /v1/api/tickle,200|2063ms
-> request: /v1/api/tickle
-> GET /v1/api/tickle,200|1645ms
-> request: /v1/api/tickle
-> GET /v1/api/tickle,200|1443ms
-> request: /v1/api/tickle
-> GET /v1/api/tickle,200|1230ms
-> request: /sso/ping
-> GET /sso/ping,200|1475ms
-> request: /v1/api/tickle
-> GET /v1/api/tickle,200|435ms
-> request: /v1/api/tickle
-> GET /v1/api/tickle,200|1468ms
-> request: /v1/api/tickle
-> GET /v1/api/tickle,200|1263ms
-> request: /v1/api/tickle
-> GET /v1/api/tickle,200|1985ms
-> request: /v1/api/tickle
-> GET /v1/api/tickle,200|1167ms
-> request: /v1/api/tickle
-> GET /v1/api/tickle,200|1584ms
-> request: /v1/api/tickle
-> GET /v1/api/tickle,200|1386ms
-> request: /v1/api/tickle
-> GET /v1/api/tickle,200|1185ms
-> request: /v1/api/tickle
-> GET /v1/api/tickle,200|1586ms
-> request: /v1/api/tickle
-> GET /v1/api/tickle,200|1704ms
-> request: /sso/ping
-> GET /sso/ping,200|1861ms
-> request: /v1/api/tickle
-> GET /v1/api/tickle,200|270ms
-> request: /v1/api/tickle
-> GET /v1/api/tickle,200|1307ms
-> request: /v1/api/tickle
-> GET /v1/api/tickle,200|1400ms
-> request: /v1/api/tickle
-> GET /v1/api/tickle,200|1225ms
-> request: /v1/api/tickle
-> GET /v1/api/tickle,200|1307ms
-> request: /v1/api/tickle
-> GET /v1/api/tickle,200|2664ms
-> request: /v1/api/tickle
-> GET /v1/api/tickle,200|1524ms
-> request: /v1/api/tickle
-> GET /v1/api/tickle,200|1330ms
-> request: /v1/api/tickle
-> GET /v1/api/tickle,200|1431ms
-> request: /v1/api/tickle
-> GET /v1/api/tickle,200|1803ms
-> request: /sso/ping
-> GET /sso/ping,200|1476ms
-> request: /v1/api/tickle
-> GET /v1/api/tickle,200|439ms
-> request: /v1/api/tickle
-> GET /v1/api/tickle,200|1448ms
-> request: /v1/api/tickle
-> GET /v1/api/tickle,200|1568ms
-> request: /v1/api/tickle
-> GET /v1/api/tickle,200|1368ms
-> request: /v1/api/tickle
-> GET /v1/api/tickle,200|1247ms
-> request: /v1/api/tickle
-> GET /v1/api/tickle,200|1430ms
-> request: /v1/api/tickle
-> GET /v1/api/tickle,200|1311ms
-> request: /v1/api/tickle
-> GET /v1/api/tickle,200|1327ms
-> request: /v1/api/tickle
-> GET /v1/api/tickle,200|1448ms
-> request: /v1/api/tickle
-> GET /v1/api/tickle,200|1555ms
-> request: /sso/ping
-> GET /sso/ping,200|1164ms
-> request: /v1/api/tickle
-> request: /v1/api/tickle
-> GET /v1/api/tickle,200|1450ms
-> request: /v1/api/tickle
-> GET /v1/api/tickle,200|1207ms
-> request: /v1/api/tickle
-> GET /v1/api/tickle,200|1328ms
-> request: /v1/api/tickle
-> GET /v1/api/tickle,200|1449ms
-> request: /v1/api/tickle
-> GET /v1/api/tickle,200|1304ms
-> request: /v1/api/tickle
-> GET /v1/api/tickle,200|1392ms
-> request: /v1/api/tickle
-> GET /v1/api/tickle,200|1230ms
-> request: /v1/api/tickle
-> GET /v1/api/tickle,200|1361ms
-> request: /v1/api/tickle
-> GET /v1/api/tickle,200|1316ms
-> request: /sso/ping
-> request: /v1/api/tickle
-> request: /v1/api/tickle
-> GET /v1/api/tickle,200|2272ms
-> request: /v1/api/tickle
-> GET /v1/api/tickle,200|1189ms
-> request: /v1/api/tickle
-> GET /v1/api/tickle,200|1328ms
-> request: /v1/api/tickle
-> GET /v1/api/tickle,200|1384ms
-> request: /v1/api/tickle
-> GET /v1/api/tickle,200|2109ms
-> request: /v1/api/tickle
-> GET /v1/api/tickle,200|1303ms
-> request: /v1/api/tickle
-> GET /v1/api/tickle,200|1950ms
-> request: /v1/api/tickle
-> GET /v1/api/tickle,200|2141ms
-> request: /v1/api/tickle
-> GET /v1/api/tickle,200|1219ms
-> request: /sso/ping
-> GET /sso/ping,200|1765ms
-> request: /v1/api/tickle
-> GET /v1/api/tickle,200|1211ms
-> request: /v1/api/tickle
-> GET /v1/api/tickle,200|1444ms
-> request: /v1/api/tickle
-> GET /v1/api/tickle,200|1539ms
-> request: /v1/api/tickle
-> GET /v1/api/tickle,200|1245ms
-> request: /v1/api/tickle
-> GET /v1/api/tickle,200|1049ms
-> request: /v1/api/tickle
-> GET /v1/api/tickle,200|1070ms
-> request: /v1/api/tickle
-> GET /v1/api/tickle,200|1053ms
-> request: /v1/api/tickle
-> GET /v1/api/tickle,200|1035ms
-> request: /v1/api/tickle
-> GET /v1/api/tickle,200|1559ms
-> request: /v1/api/tickle
-> GET /v1/api/tickle,200|1024ms
-> request: /sso/ping
-> GET /sso/ping,200|1017ms
-> request: /v1/api/tickle
-> request: /v1/api/tickle
-> GET /v1/api/tickle,200|1068ms
-> request: /v1/api/tickle
-> GET /v1/api/tickle,200|1088ms
-> request: /v1/api/tickle
-> GET /v1/api/tickle,200|1024ms
-> request: /v1/api/tickle
-> GET /v1/api/tickle,200|1068ms
-> request: /v1/api/tickle
-> GET /v1/api/tickle,200|1049ms
-> request: /v1/api/tickle
-> GET /v1/api/tickle,200|1050ms
-> request: /v1/api/tickle
-> GET /v1/api/tickle,200|1023ms
-> request: /v1/api/tickle
-> GET /v1/api/tickle,200|1018ms
-> request: /v1/api/tickle
-> GET /v1/api/tickle,200|1019ms
-> request: /sso/ping
-> GET /sso/ping,200|1036ms
-> request: /v1/api/tickle
-> request: /v1/api/tickle
-> GET /v1/api/tickle,200|1018ms
-> request: /v1/api/tickle
-> GET /v1/api/tickle,200|1020ms
-> request: /v1/api/tickle
-> GET /v1/api/tickle,200|1039ms
-> request: /v1/api/tickle
-> GET /v1/api/tickle,200|1095ms
-> request: /v1/api/tickle
-> GET /v1/api/tickle,200|1045ms
-> request: /v1/api/tickle
-> GET /v1/api/tickle,200|1119ms
-> request: /v1/api/tickle
-> GET /v1/api/tickle,200|1066ms
-> request: /v1/api/tickle
-> GET /v1/api/tickle,200|1069ms
-> request: /v1/api/tickle
-> GET /v1/api/tickle,200|1366ms
-> request: /sso/ping
-> GET /sso/ping,200|1069ms
-> request: /v1/api/tickle
-> request: /v1/api/tickle
-> GET /v1/api/tickle,200|1381ms
-> request: /v1/api/tickle
-> GET /v1/api/tickle,200|1058ms
-> request: /v1/api/tickle
-> GET /v1/api/tickle,200|1081ms
-> request: /v1/api/tickle
-> GET /v1/api/tickle,200|1050ms
-> request: /v1/api/tickle
-> GET /v1/api/tickle,200|1022ms
-> request: /v1/api/tickle
-> GET /v1/api/tickle,200|1025ms
-> request: /v1/api/tickle
-> GET /v1/api/tickle,200|1073ms
-> request: /v1/api/tickle
-> GET /v1/api/tickle,200|1024ms
-> request: /v1/api/tickle
-> GET /v1/api/tickle,200|1099ms
-> request: /sso/ping
-> GET /sso/ping,200|1043ms
-> request: /v1/api/tickle
-> request: /v1/api/tickle
-> GET /v1/api/tickle,200|1048ms
-> request: /v1/api/tickle
-> GET /v1/api/tickle,200|1050ms
-> request: /v1/api/tickle
-> GET /v1/api/tickle,200|1098ms
-> request: /v1/api/tickle
-> GET /v1/api/tickle,200|1020ms
-> request: /v1/api/tickle
-> GET /v1/api/tickle,200|1099ms
-> request: /v1/api/tickle
-> GET /v1/api/tickle,200|1068ms
-> request: /v1/api/tickle
-> GET /v1/api/tickle,200|1003ms
-> request: /v1/api/tickle
-> GET /v1/api/tickle,200|1025ms
-> request: /v1/api/tickle
-> GET /v1/api/tickle,200|1021ms
-> request: /sso/ping
-> GET /sso/ping,200|1069ms
-> request: /v1/api/tickle
-> request: /v1/api/tickle
-> GET /v1/api/tickle,200|1076ms
-> request: /v1/api/tickle
-> GET /v1/api/tickle,200|1050ms
-> request: /v1/api/tickle
-> GET /v1/api/tickle,200|1008ms
-> request: /v1/api/tickle
-> GET /v1/api/tickle,200|1071ms
-> request: /v1/api/tickle
-> GET /v1/api/tickle,200|1047ms
-> request: /v1/api/tickle
-> GET /v1/api/tickle,200|1025ms
-> request: /v1/api/tickle
-> GET /v1/api/tickle,200|1069ms
-> request: /v1/api/tickle
-> GET /v1/api/tickle,200|1012ms
-> request: /v1/api/tickle
-> GET /v1/api/tickle,200|1016ms
-> request: /sso/ping
-> GET /sso/ping,200|1672ms
-> request: /v1/api/tickle
-> GET /v1/api/tickle,200|257ms
-> request: /v1/api/tickle
-> GET /v1/api/tickle,200|1047ms
-> request: /v1/api/tickle
-> GET /v1/api/tickle,200|1044ms
-> request: /v1/api/tickle
-> GET /v1/api/tickle,200|1023ms
-> request: /v1/api/tickle
-> GET /v1/api/tickle,200|1034ms
-> request: /v1/api/tickle
-> GET /v1/api/tickle,200|1048ms
-> request: /v1/api/tickle
-> GET /v1/api/tickle,200|1092ms
-> request: /v1/api/tickle
-> GET /v1/api/tickle,200|1067ms
-> request: /v1/api/tickle
-> GET /v1/api/tickle,200|1041ms
-> request: /v1/api/tickle
-> GET /v1/api/tickle,200|1846ms
-> request: /sso/ping
-> GET /sso/ping,200|1310ms
-> request: /v1/api/tickle
-> GET /v1/api/tickle,200|567ms
-> request: /v1/api/tickle
-> GET /v1/api/tickle,200|1579ms
-> request: /v1/api/tickle
-> GET /v1/api/tickle,200|1385ms
-> request: /v1/api/tickle
-> GET /v1/api/tickle,200|1194ms
-> request: /v1/api/tickle
-> GET /v1/api/tickle,200|1307ms
-> request: /v1/api/tickle
-> GET /v1/api/tickle,200|1267ms
-> request: /v1/api/tickle
-> GET /v1/api/tickle,200|1316ms
-> request: /v1/api/tickle
-> GET /v1/api/tickle,200|1511ms
-> request: /v1/api/tickle
-> GET /v1/api/tickle,200|1350ms
-> request: /v1/api/tickle
-> GET /v1/api/tickle,200|1438ms
-> request: /sso/ping
-> GET /sso/ping,200|1689ms
-> request: /v1/api/tickle
-> GET /v1/api/tickle,200|649ms
-> request: /v1/api/tickle
-> GET /v1/api/tickle,200|1276ms
-> request: /v1/api/tickle
-> GET /v1/api/tickle,200|1361ms
-> request: /v1/api/tickle
-> GET /v1/api/tickle,200|1494ms
-> request: /v1/api/tickle
-> GET /v1/api/tickle,200|1276ms
-> request: /v1/api/tickle
-> GET /v1/api/tickle,200|1495ms
-> request: /v1/api/tickle
-> GET /v1/api/tickle,200|1493ms
-> request: /v1/api/tickle
-> GET /v1/api/tickle,200|1252ms
-> request: /v1/api/tickle
-> GET /v1/api/tickle,200|1944ms
-> request: /v1/api/tickle
-> GET /v1/api/tickle,200|1422ms
-> request: /sso/ping
-> GET /sso/ping,200|1342ms
-> request: /v1/api/tickle
-> GET /v1/api/tickle,200|286ms
-> request: /v1/api/tickle
-> GET /v1/api/tickle,200|1315ms
-> request: /v1/api/tickle
-> GET /v1/api/tickle,200|1497ms
-> request: /v1/api/tickle
-> GET /v1/api/tickle,200|2556ms
-> request: /v1/api/tickle
-> GET /v1/api/tickle,200|1436ms
-> request: /v1/api/tickle
-> GET /v1/api/tickle,200|1537ms
-> request: /v1/api/tickle
-> GET /v1/api/tickle,200|1344ms
-> request: /v1/api/tickle
-> GET /v1/api/tickle,200|1514ms
-> request: /v1/api/tickle
-> GET /v1/api/tickle,200|1429ms
-> request: /v1/api/tickle
-> GET /v1/api/tickle,200|1214ms
-> request: /sso/ping
-> GET /sso/ping,200|1456ms
-> request: /v1/api/tickle
-> GET /v1/api/tickle,200|416ms
-> request: /v1/api/tickle
-> GET /v1/api/tickle,200|1443ms
-> request: /v1/api/tickle
-> GET /v1/api/tickle,200|1544ms
-> request: /v1/api/tickle
-> GET /v1/api/tickle,200|1329ms
-> request: /v1/api/tickle
-> GET /v1/api/tickle,200|1339ms
-> request: /v1/api/tickle
-> GET /v1/api/tickle,200|1490ms
-> request: /v1/api/tickle
-> GET /v1/api/tickle,200|1297ms
-> request: /v1/api/tickle
-> GET /v1/api/tickle,200|1717ms
-> request: /v1/api/tickle
-> GET /v1/api/tickle,200|1221ms
-> request: /v1/api/tickle
-> GET /v1/api/tickle,200|1327ms
-> request: /sso/ping
-> GET /sso/ping,200|1566ms
-> request: /v1/api/tickle
-> GET /v1/api/tickle,200|457ms
-> request: /v1/api/tickle
-> GET /v1/api/tickle,200|1302ms
-> request: /v1/api/tickle
-> GET /v1/api/tickle,200|1373ms
-> request: /v1/api/tickle
-> request: /v1/api/tickle
-> GET /v1/api/tickle,200|1250ms
-> request: /v1/api/tickle
-> GET /v1/api/tickle,200|1379ms
-> request: /v1/api/tickle
-> GET /v1/api/tickle,200|1480ms
-> request: /v1/api/tickle
-> GET /v1/api/tickle,200|1298ms
-> request: /v1/api/tickle
-> GET /v1/api/tickle,200|1404ms
-> request: /v1/api/tickle
-> GET /v1/api/tickle,200|1198ms
-> request: /sso/ping
-> GET /sso/ping,200|1440ms
-> request: /v1/api/tickle
-> GET /v1/api/tickle,200|398ms
-> request: /v1/api/tickle
-> GET /v1/api/tickle,200|1787ms
-> request: /v1/api/tickle
-> GET /v1/api/tickle,200|1214ms
-> request: /v1/api/tickle
-> GET /v1/api/tickle,200|1328ms
-> request: /v1/api/tickle
-> GET /v1/api/tickle,200|1740ms
-> request: /v1/api/tickle
-> GET /v1/api/tickle,200|1247ms
-> request: /v1/api/tickle
-> GET /v1/api/tickle,200|1674ms
-> request: /v1/api/tickle
-> GET /v1/api/tickle,200|2136ms
-> request: /v1/api/tickle
-> GET /v1/api/tickle,200|2800ms
-> request: /v1/api/tickle
-> GET /v1/api/tickle,200|1386ms
-> request: /sso/ping
-> GET /sso/ping,200|1612ms
-> request: /v1/api/tickle
-> GET /v1/api/tickle,200|574ms
-> request: /v1/api/tickle
-> GET /v1/api/tickle,200|1591ms
-> request: /v1/api/tickle
-> GET /v1/api/tickle,200|1354ms
-> request: /v1/api/tickle
-> GET /v1/api/tickle,200|1765ms
-> request: /v1/api/tickle
-> GET /v1/api/tickle,200|1514ms
-> request: /v1/api/tickle
-> GET /v1/api/tickle,200|1345ms
-> request: /v1/api/tickle
-> GET /v1/api/tickle,200|1453ms
-> request: /v1/api/tickle
-> GET /v1/api/tickle,200|1234ms
-> request: /v1/api/tickle
-> GET /v1/api/tickle,200|1345ms
-> request: /v1/api/tickle
-> GET /v1/api/tickle,200|1649ms
-> request: /sso/ping
-> GET /sso/ping,200|1370ms
-> request: /v1/api/tickle
-> GET /v1/api/tickle,200|324ms
-> request: /v1/api/tickle
-> GET /v1/api/tickle,200|1343ms
-> request: /v1/api/tickle
-> GET /v1/api/tickle,200|1439ms
-> request: /v1/api/tickle
-> GET /v1/api/tickle,200|1550ms
-> request: /v1/api/tickle
-> GET /v1/api/tickle,200|1527ms
-> request: /v1/api/tickle
-> GET /v1/api/tickle,200|1760ms
-> request: /v1/api/tickle
-> GET /v1/api/tickle,200|1570ms
-> request: /v1/api/tickle
-> GET /v1/api/tickle,200|1366ms
-> request: /v1/api/tickle
-> GET /v1/api/tickle,200|1471ms
-> request: /v1/api/tickle
-> GET /v1/api/tickle,200|1239ms
-> request: /sso/ping
-> GET /sso/ping,200|1460ms
-> request: /v1/api/tickle
-> GET /v1/api/tickle,200|418ms
-> request: /v1/api/tickle
-> GET /v1/api/tickle,200|1078ms
-> request: /v1/api/tickle
-> GET /v1/api/tickle,200|1067ms
-> request: /v1/api/tickle
-> GET /v1/api/tickle,200|1473ms
-> request: /v1/api/tickle
-> GET /v1/api/tickle,200|996ms
-> request: /v1/api/tickle
-> GET /v1/api/tickle,200|1066ms
-> request: /v1/api/tickle
-> GET /v1/api/tickle,200|1014ms
-> request: /v1/api/tickle
-> GET /v1/api/tickle,200|1079ms
-> request: /v1/api/tickle
-> GET /v1/api/tickle,200|1013ms
-> request: /v1/api/tickle
-> GET /v1/api/tickle,200|1018ms
-> request: /sso/ping
-> GET /sso/ping,200|1043ms
-> request: /v1/api/tickle
-> request: /v1/api/tickle
-> GET /v1/api/tickle,200|1026ms
-> request: /v1/api/tickle
-> GET /v1/api/tickle,200|1071ms
-> request: /v1/api/tickle
-> GET /v1/api/tickle,200|1066ms
-> request: /v1/api/tickle
-> GET /v1/api/tickle,200|1021ms
-> request: /v1/api/tickle
-> GET /v1/api/tickle,200|1038ms
-> request: /v1/api/tickle
-> GET /v1/api/tickle,200|1044ms
-> request: /v1/api/tickle
-> GET /v1/api/tickle,200|1002ms
-> request: /v1/api/tickle
-> GET /v1/api/tickle,200|1024ms
-> request: /v1/api/tickle
-> GET /v1/api/tickle,200|1042ms
-> request: /sso/ping
-> GET /sso/ping,200|1054ms
-> request: /v1/api/tickle
-> request: /v1/api/tickle
-> GET /v1/api/tickle,200|1090ms
-> request: /v1/api/tickle
-> GET /v1/api/tickle,200|1047ms
-> request: /v1/api/tickle
-> GET /v1/api/tickle,200|1050ms
-> request: /v1/api/tickle
-> GET /v1/api/tickle,200|1029ms
-> request: /v1/api/tickle
-> GET /v1/api/tickle,200|999ms
-> request: /v1/api/tickle
-> GET /v1/api/tickle,200|1051ms
-> request: /v1/api/tickle
-> GET /v1/api/tickle,200|1058ms
-> request: /v1/api/tickle
-> GET /v1/api/tickle,200|1060ms
-> request: /v1/api/tickle
-> GET /v1/api/tickle,200|1023ms
-> request: /sso/ping
-> GET /sso/ping,200|1019ms
-> request: /v1/api/tickle
-> request: /v1/api/tickle
-> GET /v1/api/tickle,200|1101ms
-> request: /v1/api/tickle
-> GET /v1/api/tickle,200|1030ms
-> request: /v1/api/tickle
-> GET /v1/api/tickle,200|1052ms
-> request: /v1/api/tickle
-> GET /v1/api/tickle,200|1031ms
-> request: /v1/api/tickle
-> GET /v1/api/tickle,200|1092ms
-> request: /v1/api/tickle
-> GET /v1/api/tickle,200|1015ms
-> request: /v1/api/tickle
-> GET /v1/api/tickle,200|1047ms
-> request: /v1/api/tickle
-> GET /v1/api/tickle,200|1044ms
-> request: /v1/api/tickle
-> GET /v1/api/tickle,200|991ms
-> request: /sso/ping
-> GET /sso/ping,200|1026ms
-> request: /v1/api/tickle
-> request: /v1/api/tickle
-> GET /v1/api/tickle,200|1037ms
-> request: /v1/api/tickle
-> GET /v1/api/tickle,200|1039ms
-> request: /v1/api/tickle
-> GET /v1/api/tickle,200|1022ms
-> request: /v1/api/tickle
-> GET /v1/api/tickle,200|1096ms
-> request: /v1/api/tickle
-> GET /v1/api/tickle,200|1066ms
-> request: /v1/api/tickle
-> GET /v1/api/tickle,200|1055ms
-> request: /v1/api/tickle
-> GET /v1/api/tickle,200|1017ms
-> request: /v1/api/tickle
-> GET /v1/api/tickle,200|1018ms
-> request: /v1/api/tickle
-> GET /v1/api/tickle,200|1043ms
-> request: /sso/ping
-> GET /sso/ping,200|1045ms
-> request: /v1/api/tickle
-> request: /v1/api/tickle
-> GET /v1/api/tickle,200|1069ms
-> request: /v1/api/tickle
-> GET /v1/api/tickle,200|1017ms
-> request: /v1/api/tickle
-> GET /v1/api/tickle,200|2013ms
-> request: /v1/api/tickle
-> GET /v1/api/tickle,200|1090ms
-> request: /v1/api/tickle
-> GET /v1/api/tickle,200|1015ms
-> request: /v1/api/tickle
-> GET /v1/api/tickle,200|1060ms
-> request: /v1/api/tickle
-> GET /v1/api/tickle,200|1014ms
-> request: /v1/api/tickle
-> GET /v1/api/tickle,200|1053ms
-> request: /v1/api/tickle
-> GET /v1/api/tickle,200|1026ms
-> request: /sso/ping
-> GET /sso/ping,200|1065ms
-> request: /v1/api/tickle
-> request: /v1/api/tickle
-> GET /v1/api/tickle,200|1050ms
-> request: /v1/api/tickle
-> GET /v1/api/tickle,200|1001ms
-> request: /v1/api/tickle
-> GET /v1/api/tickle,200|1313ms
-> request: /v1/api/tickle
-> GET /v1/api/tickle,200|1435ms
-> request: /v1/api/tickle
-> GET /v1/api/tickle,200|1844ms
-> request: /v1/api/tickle
-> GET /v1/api/tickle,200|1332ms
-> request: /v1/api/tickle
-> GET /v1/api/tickle,200|1748ms
-> request: /v1/api/tickle
-> GET /v1/api/tickle,200|1221ms
-> request: /v1/api/tickle
-> GET /v1/api/tickle,200|1339ms
-> request: /sso/ping
-> GET /sso/ping,200|1253ms
-> request: /v1/api/tickle
-> GET /v1/api/tickle,200|861ms
-> request: /v1/api/tickle
-> GET /v1/api/tickle,200|1308ms
-> request: /v1/api/tickle
-> GET /v1/api/tickle,200|1325ms
-> request: /v1/api/tickle
-> GET /v1/api/tickle,200|1441ms
-> request: /v1/api/tickle
-> GET /v1/api/tickle,200|1173ms
-> request: /v1/api/tickle
-> GET /v1/api/tickle,200|1333ms
-> request: /v1/api/tickle
-> GET /v1/api/tickle,200|2217ms
-> request: /v1/api/tickle
-> GET /v1/api/tickle,200|1744ms
-> request: /v1/api/tickle
-> GET /v1/api/tickle,200|1542ms
-> request: /v1/api/tickle
-> GET /v1/api/tickle,200|5010ms
-> request: /sso/ping
-> GET /sso/ping,200|1366ms
-> request: /v1/api/tickle
-> GET /v1/api/tickle,200|840ms
-> request: /v1/api/tickle
-> GET /v1/api/tickle,200|1053ms
-> request: /v1/api/tickle
-> GET /v1/api/tickle,200|1225ms
-> request: /v1/api/tickle
-> GET /v1/api/tickle,200|1365ms
-> request: /v1/api/tickle
-> GET /v1/api/tickle,200|1483ms
-> request: /v1/api/tickle
-> GET /v1/api/tickle,200|1200ms
-> request: /v1/api/tickle
-> GET /v1/api/tickle,200|1142ms
-> request: /v1/api/tickle
-> GET /v1/api/tickle,200|1016ms
-> request: /v1/api/tickle
-> GET /v1/api/tickle,200|1298ms
-> request: /v1/api/tickle
-> GET /v1/api/tickle,200|1402ms
-> request: /sso/ping
-> GET /sso/ping,200|1332ms
-> request: /v1/api/tickle
-> GET /v1/api/tickle,200|285ms
-> request: /v1/api/tickle
-> GET /v1/api/tickle,200|1309ms
-> request: /v1/api/tickle
-> GET /v1/api/tickle,200|1426ms
-> request: /v1/api/tickle
-> GET /v1/api/tickle,200|1509ms
-> request: /v1/api/tickle
-> GET /v1/api/tickle,200|1320ms
-> request: /v1/api/tickle
-> GET /v1/api/tickle,200|1421ms
-> request: /v1/api/tickle
-> GET /v1/api/tickle,200|1218ms
-> request: /v1/api/tickle
-> GET /v1/api/tickle,200|1324ms
-> request: /v1/api/tickle
-> GET /v1/api/tickle,200|1449ms
-> request: /v1/api/tickle
-> GET /v1/api/tickle,200|1235ms
-> request: /sso/ping
-> GET /sso/ping,200|1469ms
-> request: /v1/api/tickle
-> GET /v1/api/tickle,200|429ms
-> request: /v1/api/tickle
-> GET /v1/api/tickle,200|1427ms
-> request: /v1/api/tickle
-> GET /v1/api/tickle,200|1242ms
-> request: /v1/api/tickle
-> GET /v1/api/tickle,200|1317ms
-> request: /v1/api/tickle
-> GET /v1/api/tickle,200|1741ms
-> request: /v1/api/tickle
-> GET /v1/api/tickle,200|1224ms
-> request: /v1/api/tickle
-> GET /v1/api/tickle,200|1317ms
-> request: /v1/api/tickle
-> GET /v1/api/tickle,200|1413ms
-> request: /v1/api/tickle
-> GET /v1/api/tickle,200|1208ms
-> request: /v1/api/tickle
-> GET /v1/api/tickle,200|1318ms
-> request: /sso/ping
-> GET /sso/ping,200|1246ms
-> request: /v1/api/tickle
-> request: /v1/api/tickle
-> GET /v1/api/tickle,200|1201ms
-> request: /v1/api/tickle
-> GET /v1/api/tickle,200|1276ms
-> request: /v1/api/tickle
-> GET /v1/api/tickle,200|1432ms
-> request: /v1/api/tickle
-> GET /v1/api/tickle,200|1225ms
-> request: /v1/api/tickle
-> GET /v1/api/tickle,200|1329ms
-> request: /v1/api/tickle
-> GET /v1/api/tickle,200|1427ms
-> request: /v1/api/tickle
-> GET /v1/api/tickle,200|1216ms
-> request: /v1/api/tickle
-> GET /v1/api/tickle,200|1637ms
-> request: /v1/api/tickle
-> GET /v1/api/tickle,200|1419ms
-> request: /sso/ping
-> GET /sso/ping,200|1375ms
-> request: /v1/api/tickle
-> GET /v1/api/tickle,200|319ms
-> request: /v1/api/tickle
-> GET /v1/api/tickle,200|1341ms
-> request: /v1/api/tickle
-> GET /v1/api/tickle,200|1443ms
-> request: /v1/api/tickle
-> GET /v1/api/tickle,200|2472ms
-> request: /v1/api/tickle
-> GET /v1/api/tickle,200|1653ms
-> request: /v1/api/tickle
-> GET /v1/api/tickle,200|1444ms
-> request: /v1/api/tickle
-> GET /v1/api/tickle,200|1254ms
-> request: /v1/api/tickle
-> GET /v1/api/tickle,200|1367ms
-> request: /v1/api/tickle
-> GET /v1/api/tickle,200|1466ms
-> request: /v1/api/tickle
-> GET /v1/api/tickle,200|1248ms
-> request: /sso/ping
-> GET /sso/ping,200|1491ms
-> request: /v1/api/tickle
-> GET /v1/api/tickle,200|455ms
-> request: /v1/api/tickle
-> GET /v1/api/tickle,200|1459ms
-> request: /v1/api/tickle
-> GET /v1/api/tickle,200|1277ms
-> request: /v1/api/tickle
-> GET /v1/api/tickle,200|1368ms
-> request: /v1/api/tickle
-> GET /v1/api/tickle,200|1469ms
-> request: /v1/api/tickle
-> GET /v1/api/tickle,200|1277ms
-> request: /v1/api/tickle
-> GET /v1/api/tickle,200|1398ms
-> request: /v1/api/tickle
-> GET /v1/api/tickle,200|1204ms
-> request: /v1/api/tickle
-> GET /v1/api/tickle,200|1023ms
-> request: /v1/api/tickle
-> GET /v1/api/tickle,200|1007ms
-> request: /sso/ping
-> GET /sso/ping,200|1048ms
-> request: /v1/api/tickle
-> request: /v1/api/tickle
-> GET /v1/api/tickle,200|1069ms
-> request: /v1/api/tickle
-> GET /v1/api/tickle,200|1076ms
-> request: /v1/api/tickle
-> GET /v1/api/tickle,200|1021ms
-> request: /v1/api/tickle
-> GET /v1/api/tickle,200|1041ms
-> request: /v1/api/tickle
-> GET /v1/api/tickle,200|1050ms
-> request: /v1/api/tickle
-> GET /v1/api/tickle,200|1391ms
-> request: /v1/api/tickle
-> GET /v1/api/tickle,200|1097ms
-> request: /v1/api/tickle
-> GET /v1/api/tickle,200|1011ms
-> request: /v1/api/tickle
-> GET /v1/api/tickle,200|1075ms
-> request: /sso/ping
-> GET /sso/ping,200|1041ms
-> request: /v1/api/tickle
-> request: /v1/api/tickle
-> GET /v1/api/tickle,200|1034ms
-> request: /v1/api/tickle
-> GET /v1/api/tickle,200|1031ms
-> request: /v1/api/tickle
-> GET /v1/api/tickle,200|1026ms
-> request: /v1/api/tickle
-> GET /v1/api/tickle,200|1048ms
-> request: /v1/api/tickle
-> GET /v1/api/tickle,200|1043ms
-> request: /v1/api/tickle
-> GET /v1/api/tickle,200|1090ms
-> request: /v1/api/tickle
-> GET /v1/api/tickle,200|1112ms
-> request: /v1/api/tickle
-> GET /v1/api/tickle,200|1145ms
-> request: /v1/api/tickle
-> GET /v1/api/tickle,200|1097ms
-> request: /sso/ping
-> GET /sso/ping,200|1042ms
-> request: /v1/api/tickle
-> request: /v1/api/tickle
-> GET /v1/api/tickle,200|1074ms
-> request: /v1/api/tickle
-> GET /v1/api/tickle,200|1078ms
-> request: /v1/api/tickle
-> GET /v1/api/tickle,200|1007ms
-> request: /v1/api/tickle
-> GET /v1/api/tickle,200|1061ms
-> request: /v1/api/tickle
-> GET /v1/api/tickle,200|1075ms
-> request: /v1/api/tickle
-> GET /v1/api/tickle,200|1077ms
-> request: /v1/api/tickle
-> GET /v1/api/tickle,200|1071ms
-> request: /v1/api/tickle
-> GET /v1/api/tickle,200|1069ms
-> request: /v1/api/tickle
-> GET /v1/api/tickle,200|1082ms
-> request: /sso/ping
-> GET /sso/ping,200|1018ms
-> request: /v1/api/tickle
-> request: /v1/api/tickle
-> GET /v1/api/tickle,200|1052ms
-> request: /v1/api/tickle
-> GET /v1/api/tickle,200|1083ms
-> request: /v1/api/tickle
-> GET /v1/api/tickle,200|1073ms
-> request: /v1/api/tickle
-> GET /v1/api/tickle,200|1098ms
-> request: /v1/api/tickle
-> GET /v1/api/tickle,200|1041ms
-> request: /v1/api/tickle
-> GET /v1/api/tickle,200|1031ms
-> request: /v1/api/tickle
-> GET /v1/api/tickle,200|1065ms
-> request: /v1/api/tickle
-> GET /v1/api/tickle,200|1073ms
-> request: /v1/api/tickle
-> GET /v1/api/tickle,200|1070ms
-> request: /sso/ping
-> GET /sso/ping,200|1020ms
-> request: /v1/api/tickle
-> request: /v1/api/tickle
-> GET /v1/api/tickle,200|1048ms
-> request: /v1/api/tickle
-> GET /v1/api/tickle,200|1069ms
-> request: /v1/api/tickle
-> GET /v1/api/tickle,200|1027ms
-> request: /v1/api/tickle
-> GET /v1/api/tickle,200|1025ms
-> request: /v1/api/tickle
-> GET /v1/api/tickle,200|999ms
-> request: /v1/api/tickle
-> GET /v1/api/tickle,200|1051ms
-> request: /v1/api/tickle
-> GET /v1/api/tickle,200|1026ms
-> request: /v1/api/tickle
-> GET /v1/api/tickle,200|1024ms
-> request: /v1/api/tickle
-> GET /v1/api/tickle,200|1074ms
-> request: /sso/ping
-> GET /sso/ping,200|1051ms
-> request: /v1/api/tickle
-> request: /v1/api/tickle
-> GET /v1/api/tickle,200|1049ms
-> request: /v1/api/tickle
-> GET /v1/api/tickle,200|1095ms
-> request: /v1/api/tickle
-> GET /v1/api/tickle,200|1045ms
-> request: /v1/api/tickle
-> GET /v1/api/tickle,200|1105ms
-> request: /v1/api/tickle
-> GET /v1/api/tickle,200|1050ms
-> request: /v1/api/tickle
-> GET /v1/api/tickle,200|1041ms
-> request: /v1/api/tickle
-> GET /v1/api/tickle,200|1077ms
-> request: /v1/api/tickle
-> GET /v1/api/tickle,200|1046ms
-> request: /v1/api/tickle
-> GET /v1/api/tickle,200|1056ms
-> request: /sso/ping
-> GET /sso/ping,200|1052ms
-> request: /v1/api/tickle
-> request: /v1/api/tickle
-> GET /v1/api/tickle,200|1090ms
-> request: /v1/api/tickle
-> GET /v1/api/tickle,200|1046ms
-> request: /v1/api/tickle
-> GET /v1/api/tickle,200|1043ms
-> request: /v1/api/tickle
-> GET /v1/api/tickle,200|1039ms
-> request: /v1/api/tickle
-> GET /v1/api/tickle,200|1085ms
-> request: /v1/api/tickle
-> GET /v1/api/tickle,200|8124ms
-> request: /v1/api/tickle
-> GET /v1/api/tickle,200|1536ms
-> request: /v1/api/tickle
-> GET /v1/api/tickle,200|1488ms
-> request: /v1/api/tickle
-> GET /v1/api/tickle,200|1322ms
-> request: /sso/ping
-> GET /sso/ping,200|1247ms
-> request: /v1/api/tickle
-> request: /v1/api/tickle
-> GET /v1/api/tickle,200|1217ms
-> request: /v1/api/tickle
-> GET /v1/api/tickle,200|1314ms
-> request: /v1/api/tickle
-> GET /v1/api/tickle,200|1410ms
-> request: /v1/api/tickle
-> GET /v1/api/tickle,200|1529ms
-> request: /v1/api/tickle
-> GET /v1/api/tickle,200|1314ms
-> request: /v1/api/tickle
-> GET /v1/api/tickle,200|1727ms
-> request: /v1/api/tickle
-> GET /v1/api/tickle,200|1234ms
-> request: /v1/api/tickle
-> GET /v1/api/tickle,200|1327ms
-> request: /v1/api/tickle
-> GET /v1/api/tickle,200|2358ms
-> request: /sso/ping
-> GET /sso/ping,200|1385ms
-> request: /v1/api/tickle
-> GET /v1/api/tickle,200|331ms
-> request: /v1/api/tickle
-> GET /v1/api/tickle,200|2588ms
-> request: /v1/api/tickle
-> GET /v1/api/tickle,200|1449ms
-> request: /v1/api/tickle
-> GET /v1/api/tickle,200|1563ms
-> request: /v1/api/tickle
-> GET /v1/api/tickle,200|1459ms
-> request: /v1/api/tickle
-> GET /v1/api/tickle,200|1770ms
-> request: /v1/api/tickle
-> GET /v1/api/tickle,200|1258ms
-> request: /v1/api/tickle
-> GET /v1/api/tickle,200|1366ms
-> request: /v1/api/tickle
-> GET /v1/api/tickle,200|1487ms
-> request: /v1/api/tickle
-> GET /v1/api/tickle,200|1284ms
-> request: /sso/ping
-> GET /sso/ping,200|1823ms
-> request: /v1/api/tickle
-> GET /v1/api/tickle,200|474ms
-> request: /v1/api/tickle
-> GET /v1/api/tickle,200|1190ms
-> request: /v1/api/tickle
-> GET /v1/api/tickle,200|1284ms
-> request: /v1/api/tickle
-> GET /v1/api/tickle,200|1406ms
-> request: /v1/api/tickle
-> GET /v1/api/tickle,200|1194ms
-> request: /v1/api/tickle
-> GET /v1/api/tickle,200|1605ms
-> request: /v1/api/tickle
-> GET /v1/api/tickle,200|1421ms
-> request: /v1/api/tickle
-> GET /v1/api/tickle,200|1201ms
-> request: /v1/api/tickle
-> GET /v1/api/tickle,200|1319ms
-> request: /v1/api/tickle
-> GET /v1/api/tickle,200|1407ms
-> request: /sso/ping
-> GET /sso/ping,200|1955ms
-> request: /v1/api/tickle
-> GET /v1/api/tickle,200|303ms
-> request: /v1/api/tickle
-> GET /v1/api/tickle,200|1627ms
-> request: /v1/api/tickle
-> GET /v1/api/tickle,200|1425ms
-> request: /v1/api/tickle
-> GET /v1/api/tickle,200|1534ms
-> request: /v1/api/tickle
-> GET /v1/api/tickle,200|1316ms
-> request: /v1/api/tickle
-> GET /v1/api/tickle,200|2028ms
-> request: /v1/api/tickle
-> GET /v1/api/tickle,200|1533ms
-> request: /v1/api/tickle
-> GET /v1/api/tickle,200|1315ms
-> request: /v1/api/tickle
-> GET /v1/api/tickle,200|1419ms
-> request: /v1/api/tickle
-> GET /v1/api/tickle,200|1539ms
-> request: /sso/ping
-> GET /sso/ping,200|1459ms
-> request: /v1/api/tickle
-> GET /v1/api/tickle,200|422ms
-> request: /v1/api/tickle
-> GET /v1/api/tickle,200|1424ms
-> request: /v1/api/tickle
-> GET /v1/api/tickle,200|1544ms
-> request: /v1/api/tickle
-> GET /v1/api/tickle,200|1640ms
-> request: /v1/api/tickle
-> GET /v1/api/tickle,200|1434ms
-> request: /v1/api/tickle
-> GET /v1/api/tickle,200|1231ms
-> request: /v1/api/tickle
-> GET /v1/api/tickle,200|1657ms
-> request: /v1/api/tickle
-> GET /v1/api/tickle,200|1443ms
-> request: /v1/api/tickle
-> GET /v1/api/tickle,200|1254ms
-> request: /v1/api/tickle
-> GET /v1/api/tickle,200|1652ms
-> request: /sso/ping
-> GET /sso/ping,200|1595ms
-> request: /v1/api/tickle
-> GET /v1/api/tickle,200|554ms
-> request: /v1/api/tickle
-> GET /v1/api/tickle,200|1554ms
-> request: /v1/api/tickle
-> GET /v1/api/tickle,200|1366ms
-> request: /v1/api/tickle
-> GET /v1/api/tickle,200|1472ms
-> request: /v1/api/tickle
-> GET /v1/api/tickle,200|1563ms
-> request: /v1/api/tickle
-> GET /v1/api/tickle,200|1683ms
-> request: /v1/api/tickle
-> GET /v1/api/tickle,200|1790ms
-> request: /v1/api/tickle
-> GET /v1/api/tickle,200|1369ms
-> request: /v1/api/tickle
-> GET /v1/api/tickle,200|1987ms
-> request: /v1/api/tickle
-> GET /v1/api/tickle,200|1188ms
-> request: /sso/ping
-> GET /sso/ping,200|1433ms
-> request: /v1/api/tickle
-> GET /v1/api/tickle,200|684ms
-> request: /v1/api/tickle
-> GET /v1/api/tickle,200|1403ms
-> request: /v1/api/tickle
-> GET /v1/api/tickle,200|1273ms
-> request: /v1/api/tickle
-> GET /v1/api/tickle,200|2293ms
-> request: /v1/api/tickle
-> GET /v1/api/tickle,200|1476ms
-> request: /v1/api/tickle
-> GET /v1/api/tickle,200|1457ms
-> request: /v1/api/tickle
-> GET /v1/api/tickle,200|1245ms
-> request: /v1/api/tickle
-> GET /v1/api/tickle,200|1346ms
-> request: /v1/api/tickle
-> GET /v1/api/tickle,200|1457ms
-> request: /v1/api/tickle
-> GET /v1/api/tickle,200|1258ms
-> request: /sso/ping
-> GET /sso/ping,200|1192ms
-> request: /v1/api/tickle
-> request: /v1/api/tickle
-> GET /v1/api/tickle,200|1456ms
-> request: /v1/api/tickle
-> GET /v1/api/tickle,200|1590ms
-> request: /v1/api/tickle
-> GET /v1/api/tickle,200|1993ms
-> request: /v1/api/tickle
-> GET /v1/api/tickle,200|2107ms
-> request: /v1/api/tickle
-> GET /v1/api/tickle,200|1294ms
-> request: /v1/api/tickle
-> GET /v1/api/tickle,200|1393ms
-> request: /v1/api/tickle
-> GET /v1/api/tickle,200|1486ms
-> request: /v1/api/tickle
-> GET /v1/api/tickle,200|1283ms
-> request: /v1/api/tickle
-> GET /v1/api/tickle,200|1616ms
-> request: /sso/ping
-> GET /sso/ping,200|1327ms
-> request: /v1/api/tickle
-> GET /v1/api/tickle,200|390ms
-> request: /v1/api/tickle
-> GET /v1/api/tickle,200|2762ms
-> request: /v1/api/tickle
-> GET /v1/api/tickle,200|1069ms
-> request: /v1/api/tickle
-> GET /v1/api/tickle,200|1065ms
-> request: /v1/api/tickle
-> GET /v1/api/tickle,200|1004ms
-> request: /v1/api/tickle
-> GET /v1/api/tickle,200|1019ms
-> request: /v1/api/tickle
-> GET /v1/api/tickle,200|1101ms
-> request: /v1/api/tickle
-> GET /v1/api/tickle,200|3054ms
-> request: /v1/api/tickle
-> GET /v1/api/tickle,200|1044ms
-> request: /v1/api/tickle
-> GET /v1/api/tickle,200|1043ms
-> request: /sso/ping
-> GET /sso/ping,200|1048ms
-> request: /v1/api/tickle
-> request: /v1/api/tickle
-> GET /v1/api/tickle,200|1016ms
-> request: /v1/api/tickle
-> GET /v1/api/tickle,200|1042ms
-> request: /v1/api/tickle
-> GET /v1/api/tickle,200|1043ms
-> request: /v1/api/tickle
-> GET /v1/api/tickle,200|1020ms
-> request: /v1/api/tickle
-> GET /v1/api/tickle,200|1011ms
-> request: /v1/api/tickle
-> GET /v1/api/tickle,200|1009ms
-> request: /v1/api/tickle
-> GET /v1/api/tickle,200|1050ms
-> request: /v1/api/tickle
-> GET /v1/api/tickle,200|1023ms
-> request: /v1/api/tickle
-> GET /v1/api/tickle,200|1065ms
-> request: /sso/ping
-> GET /sso/ping,200|1028ms
-> request: /v1/api/tickle
-> request: /v1/api/tickle
-> GET /v1/api/tickle,200|1098ms
-> request: /v1/api/tickle
-> GET /v1/api/tickle,200|1049ms
-> request: /v1/api/tickle
-> GET /v1/api/tickle,200|1046ms
-> request: /v1/api/tickle
-> GET /v1/api/tickle,200|1036ms
-> request: /v1/api/tickle
-> GET /v1/api/tickle,200|1027ms
-> request: /v1/api/tickle
-> GET /v1/api/tickle,200|999ms
-> request: /v1/api/tickle
-> GET /v1/api/tickle,200|1018ms
-> request: /v1/api/tickle
-> GET /v1/api/tickle,200|1068ms
-> request: /v1/api/tickle
-> GET /v1/api/tickle,200|1002ms
-> request: /sso/ping
-> GET /sso/ping,200|2190ms
-> request: /v1/api/tickle
-> GET /v1/api/tickle,200|267ms
-> request: /v1/api/tickle
-> GET /v1/api/tickle,200|1041ms
-> request: /v1/api/tickle
-> GET /v1/api/tickle,200|1092ms
-> request: /v1/api/tickle
-> GET /v1/api/tickle,200|1046ms
-> request: /v1/api/tickle
-> GET /v1/api/tickle,200|1023ms
-> request: /v1/api/tickle
-> GET /v1/api/tickle,200|1090ms
-> request: /v1/api/tickle
-> GET /v1/api/tickle,200|1046ms
-> request: /v1/api/tickle
-> GET /v1/api/tickle,200|1075ms
-> request: /v1/api/tickle
-> GET /v1/api/tickle,200|1925ms
-> request: /v1/api/tickle
-> GET /v1/api/tickle,200|1037ms
-> request: /sso/ping
-> GET /sso/ping,200|1065ms
-> request: /v1/api/tickle
-> request: /v1/api/tickle
-> GET /v1/api/tickle,200|1030ms
-> request: /v1/api/tickle
-> GET /v1/api/tickle,200|1073ms
-> request: /v1/api/tickle
-> GET /v1/api/tickle,200|1078ms
-> request: /v1/api/tickle
-> GET /v1/api/tickle,200|1027ms
-> request: /v1/api/tickle
-> GET /v1/api/tickle,200|1072ms
-> request: /v1/api/tickle
-> GET /v1/api/tickle,200|1085ms
-> request: /v1/api/tickle
-> GET /v1/api/tickle,200|1040ms
-> request: /v1/api/tickle
-> GET /v1/api/tickle,200|1020ms
-> request: /v1/api/tickle
-> GET /v1/api/tickle,200|1053ms
-> request: /sso/ping
-> GET /sso/ping,200|1058ms
-> request: /v1/api/tickle
-> request: /v1/api/tickle
-> GET /v1/api/tickle,200|1084ms
-> request: /v1/api/tickle
-> GET /v1/api/tickle,200|1042ms
-> request: /v1/api/tickle
-> GET /v1/api/tickle,200|1094ms
-> request: /v1/api/tickle
-> GET /v1/api/tickle,200|1098ms
-> request: /v1/api/tickle
-> GET /v1/api/tickle,200|1042ms
-> request: /v1/api/tickle
-> GET /v1/api/tickle,200|1051ms
-> request: /v1/api/tickle
-> GET /v1/api/tickle,200|1053ms
-> request: /v1/api/tickle
-> GET /v1/api/tickle,200|1104ms
-> request: /v1/api/tickle
-> GET /v1/api/tickle,200|995ms
-> request: /sso/ping
-> GET /sso/ping,200|1036ms
-> request: /v1/api/tickle
-> request: /v1/api/tickle
-> GET /v1/api/tickle,200|1062ms
-> request: /v1/api/tickle
-> GET /v1/api/tickle,200|1110ms
-> request: /v1/api/tickle
-> GET /v1/api/tickle,200|1201ms
-> request: /v1/api/tickle
-> GET /v1/api/tickle,200|1308ms
-> request: /v1/api/tickle
-> GET /v1/api/tickle,200|1728ms
-> request: /v1/api/tickle
-> GET /v1/api/tickle,200|1223ms
-> request: /v1/api/tickle
-> GET /v1/api/tickle,200|1319ms
-> request: /v1/api/tickle
-> GET /v1/api/tickle,200|1426ms
-> request: /v1/api/tickle
-> GET /v1/api/tickle,200|1230ms
-> request: /sso/ping
-> GET /sso/ping,200|1468ms
-> request: /v1/api/tickle
-> GET /v1/api/tickle,200|429ms
-> request: /v1/api/tickle
-> GET /v1/api/tickle,200|1440ms
-> request: /v1/api/tickle
-> GET /v1/api/tickle,200|1855ms
-> request: /v1/api/tickle
-> GET /v1/api/tickle,200|1480ms
-> request: /v1/api/tickle
-> GET /v1/api/tickle,200|1278ms
-> request: /v1/api/tickle
-> GET /v1/api/tickle,200|1391ms
-> request: /v1/api/tickle
-> GET /v1/api/tickle,200|1502ms
-> request: /v1/api/tickle
-> GET /v1/api/tickle,200|1608ms
-> request: /v1/api/tickle
-> GET /v1/api/tickle,200|1402ms
-> request: /v1/api/tickle
-> GET /v1/api/tickle,200|1340ms
-> request: /sso/ping
-> GET /sso/ping,200|1275ms
-> request: /v1/api/tickle
-> GET /v1/api/tickle,200|534ms
-> request: /v1/api/tickle
-> GET /v1/api/tickle,200|1240ms
-> request: /v1/api/tickle
-> GET /v1/api/tickle,200|1368ms
-> request: /v1/api/tickle
-> GET /v1/api/tickle,200|1459ms
-> request: /v1/api/tickle
-> GET /v1/api/tickle,200|1263ms
-> request: /v1/api/tickle
-> GET /v1/api/tickle,200|1358ms
-> request: /v1/api/tickle
-> GET /v1/api/tickle,200|1462ms
-> request: /v1/api/tickle
-> GET /v1/api/tickle,200|1260ms
-> request: /v1/api/tickle
-> GET /v1/api/tickle,200|1355ms
-> request: /v1/api/tickle
-> GET /v1/api/tickle,200|1465ms
-> request: /sso/ping
-> GET /sso/ping,200|1407ms
-> request: /v1/api/tickle
-> GET /v1/api/tickle,200|350ms
-> request: /v1/api/tickle
-> GET /v1/api/tickle,200|1365ms
-> request: /v1/api/tickle
-> GET /v1/api/tickle,200|1479ms
-> request: /v1/api/tickle
-> GET /v1/api/tickle,200|1267ms
-> request: /v1/api/tickle
-> GET /v1/api/tickle,200|1383ms
-> request: /v1/api/tickle
-> GET /v1/api/tickle,200|1476ms
-> request: /v1/api/tickle
-> GET /v1/api/tickle,200|1266ms
-> request: /v1/api/tickle
-> GET /v1/api/tickle,200|1372ms
-> request: /v1/api/tickle
-> GET /v1/api/tickle,200|1488ms
-> request: /v1/api/tickle
-> GET /v1/api/tickle,200|1288ms
-> request: /sso/ping
-> GET /sso/ping,200|1211ms
-> request: /v1/api/tickle
-> request: /v1/api/tickle
-> GET /v1/api/tickle,200|1479ms
-> request: /v1/api/tickle
-> GET /v1/api/tickle,200|1279ms
-> request: /v1/api/tickle
-> GET /v1/api/tickle,200|1396ms
-> request: /v1/api/tickle
-> GET /v1/api/tickle,200|1496ms
-> request: /v1/api/tickle
-> GET /v1/api/tickle,200|1307ms
-> request: /v1/api/tickle
-> GET /v1/api/tickle,200|1391ms
-> request: /v1/api/tickle
-> GET /v1/api/tickle,200|1192ms
-> request: /v1/api/tickle
-> GET /v1/api/tickle,200|1295ms
-> request: /v1/api/tickle
-> GET /v1/api/tickle,200|1400ms
-> request: /sso/ping
-> GET /sso/ping,200|1347ms
-> request: /v1/api/tickle
-> GET /v1/api/tickle,200|299ms
-> request: /v1/api/tickle
-> GET /v1/api/tickle,200|1314ms
-> request: /v1/api/tickle
-> GET /v1/api/tickle,200|1433ms
-> request: /v1/api/tickle
-> GET /v1/api/tickle,200|1211ms
-> request: /v1/api/tickle
-> GET /v1/api/tickle,200|1329ms
-> request: /v1/api/tickle
-> GET /v1/api/tickle,200|1430ms
-> request: /v1/api/tickle
-> GET /v1/api/tickle,200|1225ms
-> request: /v1/api/tickle
-> GET /v1/api/tickle,200|1323ms
-> request: /v1/api/tickle
-> GET /v1/api/tickle,200|1530ms
-> request: /v1/api/tickle
-> GET /v1/api/tickle,200|1237ms
-> request: /sso/ping
-> GET /sso/ping,200|1476ms
-> request: /v1/api/tickle
-> GET /v1/api/tickle,200|431ms
-> request: /v1/api/tickle
-> GET /v1/api/tickle,200|1449ms
-> request: /v1/api/tickle
-> GET /v1/api/tickle,200|1255ms
-> request: /v1/api/tickle
-> GET /v1/api/tickle,200|1344ms
-> request: /v1/api/tickle
-> GET /v1/api/tickle,200|1448ms
-> request: /v1/api/tickle
-> GET /v1/api/tickle,200|1246ms
-> request: /v1/api/tickle
-> GET /v1/api/tickle,200|1316ms
-> request: /v1/api/tickle
-> GET /v1/api/tickle,200|1463ms
-> request: /v1/api/tickle
-> GET /v1/api/tickle,200|1258ms
-> request: /v1/api/tickle
-> GET /v1/api/tickle,200|1382ms
-> request: /sso/ping
-> GET /sso/ping,200|1307ms
-> request: /v1/api/tickle
-> GET /v1/api/tickle,200|574ms
-> request: /v1/api/tickle
-> GET /v1/api/tickle,200|1283ms
-> request: /v1/api/tickle
-> GET /v1/api/tickle,200|1385ms
-> request: /v1/api/tickle
-> GET /v1/api/tickle,200|1490ms
-> request: /v1/api/tickle
-> GET /v1/api/tickle,200|1608ms
-> request: /v1/api/tickle
-> GET /v1/api/tickle,200|1397ms
-> request: /v1/api/tickle
-> GET /v1/api/tickle,200|1500ms
-> request: /v1/api/tickle
-> GET /v1/api/tickle,200|1290ms
-> request: /v1/api/tickle
-> GET /v1/api/tickle,200|1412ms
-> request: /v1/api/tickle
-> GET /v1/api/tickle,200|1639ms
-> request: /sso/ping
-> GET /sso/ping,200|1270ms
-> request: /v1/api/tickle
-> GET /v1/api/tickle,200|536ms
-> request: /v1/api/tickle
-> GET /v1/api/tickle,200|1049ms
-> request: /v1/api/tickle
-> GET /v1/api/tickle,200|1070ms
-> request: /v1/api/tickle
-> GET /v1/api/tickle,200|1075ms
-> request: /v1/api/tickle
-> GET /v1/api/tickle,200|1053ms
-> request: /v1/api/tickle
-> GET /v1/api/tickle,200|1062ms
-> request: /v1/api/tickle
-> GET /v1/api/tickle,200|1029ms
-> request: /v1/api/tickle
-> GET /v1/api/tickle,200|1054ms
-> request: /v1/api/tickle
-> GET /v1/api/tickle,200|1022ms
-> request: /v1/api/tickle
-> GET /v1/api/tickle,200|1042ms
-> request: /sso/ping
-> GET /sso/ping,200|1050ms
-> request: /v1/api/tickle
-> request: /v1/api/tickle
-> GET /v1/api/tickle,200|1044ms
-> request: /v1/api/tickle
-> GET /v1/api/tickle,200|1099ms
-> request: /v1/api/tickle
-> GET /v1/api/tickle,200|1023ms
-> request: /v1/api/tickle
-> GET /v1/api/tickle,200|1055ms
-> request: /v1/api/tickle
-> GET /v1/api/tickle,200|1060ms
-> request: /v1/api/tickle
-> GET /v1/api/tickle,200|1049ms
-> request: /v1/api/tickle
-> GET /v1/api/tickle,200|1050ms
-> request: /v1/api/tickle
-> GET /v1/api/tickle,200|1051ms
-> request: /v1/api/tickle
-> GET /v1/api/tickle,200|1048ms
-> request: /sso/ping
-> request: /v1/api/tickle
-> GET /v1/api/tickle,200|998ms
-> request: /v1/api/tickle
-> GET /v1/api/tickle,200|1372ms
-> request: /v1/api/tickle
-> GET /v1/api/tickle,200|1480ms
-> request: /v1/api/tickle
-> GET /v1/api/tickle,200|1054ms
-> request: /v1/api/tickle
-> GET /v1/api/tickle,200|1077ms
-> request: /v1/api/tickle
-> GET /v1/api/tickle,200|1038ms
-> request: /v1/api/tickle
-> GET /v1/api/tickle,200|1073ms
-> request: /v1/api/tickle
-> GET /v1/api/tickle,200|1061ms
-> request: /v1/api/tickle
-> GET /v1/api/tickle,200|1087ms
-> request: /v1/api/tickle
-> GET /v1/api/tickle,200|1054ms
-> request: /sso/ping
-> GET /sso/ping,200|1036ms
-> request: /v1/api/tickle
-> request: /v1/api/tickle
-> GET /v1/api/tickle,200|1088ms
-> request: /v1/api/tickle
-> GET /v1/api/tickle,200|1053ms
-> request: /v1/api/tickle
-> GET /v1/api/tickle,200|1037ms
-> request: /v1/api/tickle
-> GET /v1/api/tickle,200|1067ms
-> request: /v1/api/tickle
-> GET /v1/api/tickle,200|1167ms
-> request: /v1/api/tickle
-> GET /v1/api/tickle,200|1010ms
-> request: /v1/api/tickle
-> GET /v1/api/tickle,200|1043ms
-> request: /v1/api/tickle
-> GET /v1/api/tickle,200|1031ms
-> request: /v1/api/tickle
-> GET /v1/api/tickle,200|1044ms
-> request: /sso/ping
-> GET /sso/ping,200|1074ms
-> request: /v1/api/tickle
-> request: /v1/api/tickle
-> GET /v1/api/tickle,200|1019ms
-> request: /v1/api/tickle
-> GET /v1/api/tickle,200|1050ms
-> request: /v1/api/tickle
-> GET /v1/api/tickle,200|1022ms
-> request: /v1/api/tickle
-> GET /v1/api/tickle,200|1038ms
-> request: /v1/api/tickle
-> GET /v1/api/tickle,200|1034ms
-> request: /v1/api/tickle
-> GET /v1/api/tickle,200|1090ms
-> request: /v1/api/tickle
-> GET /v1/api/tickle,200|1046ms
-> request: /v1/api/tickle
-> GET /v1/api/tickle,200|1017ms
-> request: /v1/api/tickle
-> GET /v1/api/tickle,200|993ms
-> request: /sso/ping
-> GET /sso/ping,200|1036ms
-> request: /v1/api/tickle
-> request: /v1/api/tickle
-> GET /v1/api/tickle,200|1057ms
-> request: /v1/api/tickle
-> GET /v1/api/tickle,200|1107ms
-> request: /v1/api/tickle
-> GET /v1/api/tickle,200|1092ms
-> request: /v1/api/tickle
-> GET /v1/api/tickle,200|1094ms
-> request: /v1/api/tickle
-> GET /v1/api/tickle,200|1073ms
-> request: /v1/api/tickle
-> GET /v1/api/tickle,200|1084ms
-> request: /v1/api/tickle
-> GET /v1/api/tickle,200|1114ms
-> request: /v1/api/tickle
-> GET /v1/api/tickle,200|1664ms
-> request: /v1/api/tickle
-> GET /v1/api/tickle,200|1226ms
-> request: /sso/ping
-> GET /sso/ping,200|1023ms
-> request: /v1/api/tickle
-> request: /v1/api/tickle
-> GET /v1/api/tickle,200|1090ms
-> request: /v1/api/tickle
-> GET /v1/api/tickle,200|1070ms
-> request: /v1/api/tickle
-> GET /v1/api/tickle,200|1070ms
-> request: /v1/api/tickle
-> GET /v1/api/tickle,200|1049ms
-> request: /v1/api/tickle
-> GET /v1/api/tickle,200|1029ms
-> request: /v1/api/tickle
-> GET /v1/api/tickle,200|1464ms
-> request: /v1/api/tickle
-> GET /v1/api/tickle,200|1257ms
-> request: /v1/api/tickle
-> GET /v1/api/tickle,200|1357ms
-> request: /v1/api/tickle
-> GET /v1/api/tickle,200|1474ms
-> request: /sso/ping
-> GET /sso/ping,200|1403ms
-> request: /v1/api/tickle
-> GET /v1/api/tickle,200|269ms
-> request: /v1/api/tickle
-> GET /v1/api/tickle,200|1324ms
-> request: /v1/api/tickle
-> GET /v1/api/tickle,200|1190ms
-> request: /v1/api/tickle
-> GET /v1/api/tickle,200|1492ms
-> request: /v1/api/tickle
-> GET /v1/api/tickle,200|1361ms
-> request: /v1/api/tickle
-> GET /v1/api/tickle,200|1218ms
-> request: /v1/api/tickle
-> GET /v1/api/tickle,200|2222ms
-> request: /v1/api/tickle
-> GET /v1/api/tickle,200|1409ms
-> request: /v1/api/tickle
-> GET /v1/api/tickle,200|1212ms
-> request: /v1/api/tickle
-> GET /v1/api/tickle,200|1559ms
-> request: /sso/ping
-> GET /sso/ping,200|1245ms
-> request: /v1/api/tickle
-> request: /v1/api/tickle
-> GET /v1/api/tickle,200|1202ms
-> request: /v1/api/tickle
-> GET /v1/api/tickle,200|1275ms
-> request: /v1/api/tickle
-> GET /v1/api/tickle,200|1426ms
-> request: /v1/api/tickle
-> GET /v1/api/tickle,200|1219ms
-> request: /v1/api/tickle
-> GET /v1/api/tickle,200|1314ms
-> request: /v1/api/tickle
-> GET /v1/api/tickle,200|1440ms
-> request: /v1/api/tickle
-> GET /v1/api/tickle,200|1250ms
-> request: /v1/api/tickle
-> GET /v1/api/tickle,200|1354ms
-> request: /v1/api/tickle
-> GET /v1/api/tickle,200|1442ms
-> request: /sso/ping
-> GET /sso/ping,200|1397ms
-> request: /v1/api/tickle
-> GET /v1/api/tickle,200|338ms
-> request: /v1/api/tickle
-> GET /v1/api/tickle,200|1325ms
-> request: /v1/api/tickle
-> GET /v1/api/tickle,200|1453ms
-> request: /v1/api/tickle
-> GET /v1/api/tickle,200|1262ms
-> request: /v1/api/tickle
-> GET /v1/api/tickle,200|1324ms
-> request: /v1/api/tickle
-> GET /v1/api/tickle,200|1482ms
-> request: /v1/api/tickle
-> GET /v1/api/tickle,200|1270ms
-> request: /v1/api/tickle
-> GET /v1/api/tickle,200|1353ms
-> request: /v1/api/tickle
-> GET /v1/api/tickle,200|1487ms
-> request: /v1/api/tickle
-> GET /v1/api/tickle,200|1580ms
-> request: /sso/ping
-> GET /sso/ping,200|1220ms
-> request: /v1/api/tickle
-> request: /v1/api/tickle
-> GET /v1/api/tickle,200|1495ms
-> request: /v1/api/tickle
-> GET /v1/api/tickle,200|1298ms
-> request: /v1/api/tickle
-> GET /v1/api/tickle,200|1400ms
-> request: /v1/api/tickle
-> GET /v1/api/tickle,200|1200ms
-> request: /v1/api/tickle
-> GET /v1/api/tickle,500|1314ms
-> request: /v1/api/sso/validate?gw=1
-> request: /v1/api/sso/validate?gw=1
-> GET /v1/api/sso/validate?gw=1,500|912ms
-> GET /v1/api/sso/validate?gw=1,500|916ms
-> request: /v1/api/sso/validate?gw=1
-> request: /v1/api/sso/validate?gw=1
-> request: /v1/api/sso/validate?gw=1
-> request: /v1/api/sso/validate?gw=1
-> GET /v1/api/sso/validate?gw=1,200|1053ms
-> request: /v1/api/one/user
-> request: /sso/AuthenticateSSODH?ACTION=INIT
-> sso GET https://api.ibkr.com/sso/AuthenticateSSODH?ACTION=INIT
-> GET /v1/api/sso/validate?gw=1,200|1083ms
-> request: /v1/api/one/user
-> request: /sso/AuthenticateSSODH?ACTION=INIT
-> sso GET https://api.ibkr.com/sso/AuthenticateSSODH?ACTION=INIT
-> GET /v1/api/sso/validate?gw=1,200|1160ms
-> request: /v1/api/one/user
-> request: /sso/AuthenticateSSODH?ACTION=INIT
-> sso GET https://api.ibkr.com/sso/AuthenticateSSODH?ACTION=INIT
-> GET /v1/api/sso/validate?gw=1,200|1167ms
-> request: /v1/api/one/user
-> request: /sso/AuthenticateSSODH?ACTION=INIT
-> sso GET https://api.ibkr.com/sso/AuthenticateSSODH?ACTION=INIT
-> request: /sso/AuthenticateSSODH?ACTION=COMPLETE&B=65c72d4a502119cd4abe33d389a3bec3e6d85eafea994a26a9b635c88bc926c1c0bc9bb430f9cb966aa24fdcb8a29bc690e44ecd747473867ba297912f84c774&CHRESPONSE=44920f18ec973aab240c510d1d53693ebdd5517c
-> sso GET https://api.ibkr.com/sso/AuthenticateSSODH?ACTION=COMPLETE&B=65c72d4a502119cd4abe33d389a3bec3e6d85eafea994a26a9b635c88bc926c1c0bc9bb430f9cb966aa24fdcb8a29bc690e44ecd747473867ba297912f84c774&CHRESPONSE=44920f18ec973aab240c510d1d53693ebdd5517c
-> request: /sso/AuthenticateSSODH?ACTION=COMPLETE&B=65c72d4a502119cd4abe33d389a3bec3e6d85eafea994a26a9b635c88bc926c1c0bc9bb430f9cb966aa24fdcb8a29bc690e44ecd747473867ba297912f84c774&CHRESPONSE=d941c265b9be0abcae94842c6acc7bf85e9cf86b
-> sso GET https://api.ibkr.com/sso/AuthenticateSSODH?ACTION=COMPLETE&B=65c72d4a502119cd4abe33d389a3bec3e6d85eafea994a26a9b635c88bc926c1c0bc9bb430f9cb966aa24fdcb8a29bc690e44ecd747473867ba297912f84c774&CHRESPONSE=d941c265b9be0abcae94842c6acc7bf85e9cf86b
-> GET /v1/api/one/user,200|464ms
-> GET /v1/api/one/user,200|544ms
-> GET /v1/api/one/user,200|745ms
-> request: /sso/AuthenticateSSODH?ACTION=COMPLETE&B=533b0f1d6f050d7d93b1af2f5d9828764a12e5d8d8d56927601e08590a72ab30002cfbed37b3856d7b4c34b9d21b5cb561e3e51ef2e8ba04e30308691ccbf508&CHRESPONSE=ef5f7e576196ca45ded6e3febd2f75a4a83c16a2
-> sso GET https://api.ibkr.com/sso/AuthenticateSSODH?ACTION=COMPLETE&B=533b0f1d6f050d7d93b1af2f5d9828764a12e5d8d8d56927601e08590a72ab30002cfbed37b3856d7b4c34b9d21b5cb561e3e51ef2e8ba04e30308691ccbf508&CHRESPONSE=ef5f7e576196ca45ded6e3febd2f75a4a83c16a2
-> request: /sso/AuthenticateSSODH?ACTION=COMPLETE&B=aed37df18bba600d483f7ac63f0457685087b22bfe75d40fc20cd66bf12e2b939de0c5ae6b8edd9f1d6d0e3df49ddbae528ddf1c0101f49aaf4a9657808e59e8&CHRESPONSE=a61bbe42214ca314694c08ec2539679ab8a1912a
-> sso GET https://api.ibkr.com/sso/AuthenticateSSODH?ACTION=COMPLETE&B=aed37df18bba600d483f7ac63f0457685087b22bfe75d40fc20cd66bf12e2b939de0c5ae6b8edd9f1d6d0e3df49ddbae528ddf1c0101f49aaf4a9657808e59e8&CHRESPONSE=a61bbe42214ca314694c08ec2539679ab8a1912a
-> GET /v1/api/one/user,200|1161ms
-> request: /v1/api/iserver/auth/status
-> request: /v1/api/iserver/auth/status
-> GET /v1/api/iserver/auth/status,200|283ms
-> request: /v1/api/iserver/auth/ssodh/init
-> request: /v1/api/iserver/auth/status
-> request: /v1/api/iserver/auth/status
-> GET /v1/api/iserver/auth/status,200|365ms
-> GET /v1/api/iserver/auth/status,200|324ms
-> GET /v1/api/iserver/auth/status,200|326ms
-> POST https://api.ibkr.com/v1/api/iserver/auth/ssodh/init,200|970ms
-> request: /v1/api/iserver/auth/ssodh/response
-> POST https://api.ibkr.com/v1/api/iserver/auth/ssodh/response,200|508ms
-> request: /v1/api/iserver/auth/ssodh/init
-> POST https://api.ibkr.com/v1/api/iserver/auth/ssodh/init,200|414ms
-> request: /sso/ping
-> GET /sso/ping,200|1449ms
-> request: /sso/ping
-> GET /sso/ping,200|1300ms
-> request: /sso/ping
-> GET /sso/ping,200|1392ms
-> request: /sso/ping
-> GET /sso/ping,200|1274ms
-> request: /sso/ping
-> GET /sso/ping,200|1383ms
-> request: /sso/ping
-> GET /sso/ping,200|1458ms
-> request: /sso/ping
-> GET /sso/ping,200|1938ms
-> request: /sso/ping
-> GET /sso/ping,200|1812ms
-> request: /sso/ping
-> GET /sso/ping,200|1302ms
-> request: /sso/ping
-> GET /sso/ping,200|1423ms
-> request: /sso/ping
-> GET /sso/ping,200|1576ms
-> request: /sso/ping
-> GET /sso/ping,200|1383ms
-> request: /sso/ping
-> GET /sso/ping,200|1209ms
-> request: /sso/ping
-> GET /sso/ping,200|1094ms
-> request: /sso/ping
-> GET /sso/ping,200|1084ms
-> request: /sso/ping
-> GET /sso/ping,200|1071ms
-> request: /sso/ping
-> GET /sso/ping,200|999ms
-> request: /sso/ping
-> GET /sso/ping,200|1391ms
-> request: /sso/ping
-> GET /sso/ping,200|1132ms
-> request: /sso/ping
-> GET /sso/ping,200|1287ms
-> request: /sso/ping
-> GET /sso/ping,200|2036ms
-> request: /sso/ping
-> GET /sso/ping,200|1250ms
-> request: /sso/ping
-> GET /sso/ping,200|1395ms
-> request: /sso/ping
-> GET /sso/ping,200|1314ms
-> request: /sso/ping
-> GET /sso/ping,200|1457ms
-> request: /sso/ping
-> GET /sso/ping,200|1042ms
-> request: /sso/ping
-> GET /sso/ping,200|1026ms
-> request: /sso/ping
-> GET /sso/ping,200|1289ms
-> request: /sso/ping
-> GET /sso/ping,200|1386ms
-> request: /sso/ping
-> GET /sso/ping,200|1040ms
-> request: /sso/ping
-> GET /sso/ping,200|1094ms
-> request: /sso/ping
-> GET /sso/ping,200|1029ms
-> request: /sso/ping
-> GET /sso/ping,200|1397ms
-> request: /sso/ping
-> GET /sso/ping,200|1865ms
-> request: /sso/ping
-> GET /sso/ping,200|1698ms
-> request: /sso/ping
-> GET /sso/ping,200|1197ms
-> request: /sso/ping
-> GET /sso/ping,200|1375ms
-> request: /sso/ping
-> GET /sso/ping,200|1259ms
-> request: /sso/ping
-> GET /sso/ping,200|1355ms
-> request: /sso/ping
-> GET /sso/ping,200|1033ms
-> request: /sso/ping
-> GET /sso/ping,200|1221ms
-> request: /sso/ping
-> GET /sso/ping,200|1366ms
-> request: /sso/ping
-> GET /sso/ping,200|1049ms
-> request: /sso/ping
-> GET /sso/ping,200|1026ms
-> request: /sso/ping
-> GET /sso/ping,200|1031ms
-> request: /sso/ping
-> GET /sso/ping,200|1072ms
-> request: /sso/ping
-> GET /sso/ping,200|1537ms
-> request: /sso/ping
-> GET /sso/ping,200|1316ms
-> request: /sso/ping
-> GET /sso/ping,200|1473ms
-> request: /sso/ping
-> GET /sso/ping,200|1230ms
-> request: /sso/ping
-> GET /sso/ping,200|1387ms
-> request: /sso/ping
-> GET /sso/ping,200|1199ms
-> request: /sso/ping
-> GET /sso/ping,200|1763ms
-> request: /sso/ping
-> GET /sso/ping,200|1063ms
-> request: /sso/ping
-> GET /sso/ping,200|1026ms
-> request: /sso/ping
-> GET /sso/ping,200|1019ms
-> request: /sso/ping
-> GET /sso/ping,200|1088ms
-> request: /sso/ping
-> GET /sso/ping,200|1013ms
-> request: /sso/ping
-> GET /sso/ping,200|1023ms
-> request: /sso/ping
-> GET /sso/ping,200|1435ms
-> request: /sso/ping
-> GET /sso/ping,200|1455ms
-> request: /sso/ping
-> GET /sso/ping,200|1303ms
-> request: /sso/ping
-> GET /sso/ping,200|1436ms
-> request: /sso/ping
-> GET /sso/ping,200|1257ms
-> request: /sso/ping
-> GET /sso/ping,200|1476ms
-> request: /sso/ping
-> GET /sso/ping,200|1295ms
-> request: /sso/ping
-> GET /sso/ping,200|1440ms
-> request: /sso/ping
-> GET /sso/ping,200|1304ms
-> request: /sso/ping
-> GET /sso/ping,200|984ms
-> request: /sso/ping
-> GET /sso/ping,200|1113ms
-> request: /sso/ping
-> GET /sso/ping,200|1017ms
-> request: /sso/ping
-> GET /sso/ping,200|1026ms
-> request: /sso/ping
-> GET /sso/ping,200|1278ms
-> request: /sso/ping
-> GET /sso/ping,200|1066ms
-> request: /sso/ping
-> GET /sso/ping,200|1016ms
-> request: /sso/ping
-> GET /sso/ping,200|1231ms
-> request: /sso/ping
-> GET /sso/ping,200|1484ms
-> request: /sso/ping
-> GET /sso/ping,200|1252ms
-> request: /sso/ping
-> GET /sso/ping,200|1762ms
-> request: /sso/ping
-> GET /sso/ping,200|1235ms
-> request: /sso/ping
-> GET /sso/ping,200|1443ms
-> request: /sso/ping
-> GET /sso/ping,200|1191ms
-> request: /sso/ping
-> GET /sso/ping,200|1346ms
-> request: /sso/ping
-> GET /sso/ping,200|1209ms
-> request: /sso/ping
-> GET /sso/ping,200|1058ms
-> request: /sso/ping
-> GET /sso/ping,200|1369ms
-> request: /sso/ping
-> GET /sso/ping,200|1063ms
-> request: /sso/ping
-> GET /sso/ping,200|1009ms
-> request: /sso/ping
-> GET /sso/ping,200|1468ms
-> request: /sso/ping
-> GET /sso/ping,200|1334ms
-> request: /sso/ping
-> GET /sso/ping,200|1194ms
-> request: /sso/ping
-> GET /sso/ping,200|1148ms
-> request: /sso/ping
-> GET /sso/ping,200|1303ms
-> request: /sso/ping
-> GET /sso/ping,200|1191ms
-> request: /sso/ping
-> GET /sso/ping,200|1258ms
-> request: /sso/ping
-> GET /sso/ping,200|1065ms
-> request: /sso/ping
-> GET /sso/ping,200|1061ms
-> request: /sso/ping
-> GET /sso/ping,200|1041ms
-> request: /sso/ping
-> GET /sso/ping,200|1346ms
-> request: /sso/ping
-> GET /sso/ping,200|1094ms
-> request: /sso/ping
-> request: /sso/ping
-> GET /sso/ping,200|1063ms
-> request: /sso/ping
-> GET /sso/ping,200|1374ms
-> request: /sso/ping
-> GET /sso/ping,200|1209ms
-> request: /sso/ping
-> GET /sso/ping,200|2104ms
-> request: /sso/ping
-> GET /sso/ping,200|2268ms
-> request: /sso/ping
-> GET /sso/ping,200|1671ms
-> request: /sso/ping
-> GET /sso/ping,200|1637ms
-> request: /sso/ping
-> GET /sso/ping,200|1514ms
-> request: /sso/ping
-> GET /sso/ping,200|1089ms
-> request: /sso/ping
-> GET /sso/ping,200|1036ms
-> request: /sso/ping
-> GET /sso/ping,200|1655ms
-> request: /sso/ping
-> GET /sso/ping,200|1038ms
-> request: /sso/ping
-> GET /sso/ping,200|1371ms
-> request: /sso/ping
-> GET /sso/ping,200|1378ms
-> request: /sso/ping
-> GET /sso/ping,200|1365ms
-> request: /sso/ping
-> GET /sso/ping,200|1306ms
-> request: /sso/ping
-> GET /sso/ping,200|1566ms
-> request: /sso/ping
-> GET /sso/ping,200|1404ms
-> request: /sso/ping
-> GET /sso/ping,200|1319ms
-> request: /sso/ping
-> GET /sso/ping,200|1067ms
-> request: /sso/ping
-> GET /sso/ping,200|1015ms
-> request: /sso/ping
-> GET /sso/ping,200|1040ms
-> request: /sso/ping
-> GET /sso/ping,200|1017ms
-> request: /sso/ping
-> GET /sso/ping,200|1290ms
-> request: /sso/ping
-> GET /sso/ping,200|1069ms
-> request: /sso/ping
-> GET /sso/ping,200|1078ms
-> request: /sso/ping
-> GET /sso/ping,200|1287ms
-> request: /sso/ping
-> GET /sso/ping,200|1721ms
-> request: /sso/ping
-> GET /sso/ping,200|1225ms
-> request: /sso/ping
-> GET /sso/ping,200|1364ms
-> request: /sso/ping
-> GET /sso/ping,200|1427ms
-> request: /sso/ping
-> GET /sso/ping,200|1232ms
-> request: /sso/ping
-> GET /sso/ping,200|1332ms
-> request: /sso/ping
-> GET /sso/ping,200|1026ms
-> request: /sso/ping
-> GET /sso/ping,200|1320ms
-> request: /sso/ping
-> GET /sso/ping,200|1091ms
-> request: /sso/ping
-> GET /sso/ping,200|1446ms
-> request: /sso/ping
-> GET /sso/ping,200|1064ms
-> request: /sso/ping
-> GET /sso/ping,200|1083ms
-> request: /sso/ping
-> GET /sso/ping,200|1021ms
-> request: /sso/ping
-> GET /sso/ping,200|1078ms
-> request: /sso/ping
-> GET /sso/ping,200|1218ms
-> request: /sso/ping
-> GET /sso/ping,200|1313ms
-> request: /sso/ping
-> GET /sso/ping,200|1753ms
-> request: /sso/ping
-> GET /sso/ping,200|1173ms
-> request: /sso/ping
-> GET /sso/ping,200|1587ms
-> request: /sso/ping
-> GET /sso/ping,200|1792ms
-> request: /sso/ping
-> GET /sso/ping,200|1592ms
-> request: /sso/ping
-> GET /sso/ping,200|1041ms
-> request: /sso/ping
-> GET /sso/ping,200|1561ms
-> request: /sso/ping
-> GET /sso/ping,200|1023ms
-> request: /sso/ping
-> GET /sso/ping,200|1067ms
-> request: /sso/ping
-> GET /sso/ping,200|1035ms
-> request: /sso/ping
-> GET /sso/ping,200|1040ms
-> request: /sso/ping
-> GET /sso/ping,200|1026ms
-> request: /sso/ping
-> GET /sso/ping,200|1250ms
-> request: /sso/ping
-> GET /sso/ping,200|1465ms
-> request: /sso/ping
-> GET /sso/ping,200|1587ms
-> request: /sso/ping
-> GET /sso/ping,200|1443ms
-> request: /sso/ping
-> GET /sso/ping,200|1195ms
-> request: /sso/ping
-> GET /sso/ping,200|1525ms
-> request: /sso/ping
-> GET /sso/ping,200|1192ms
-> request: /sso/ping
-> GET /sso/ping,200|1669ms
-> request: /sso/ping
-> GET /sso/ping,200|1018ms
-> request: /sso/ping
-> GET /sso/ping,200|1090ms
-> request: /sso/ping
-> GET /sso/ping,200|1027ms
-> request: /sso/ping
-> GET /sso/ping,200|1042ms
-> request: /sso/ping
-> GET /sso/ping,200|1027ms
-> request: /sso/ping
-> GET /sso/ping,200|1018ms
-> request: /sso/ping
-> GET /sso/ping,200|1127ms
