-> request: /v1/api/tickle
-> GET /v1/api/tickle,200|1098ms
-> request: /v1/api/tickle
-> GET /v1/api/tickle,200|1065ms
-> request: /v1/api/tickle
-> GET /v1/api/tickle,200|1062ms
-> request: /v1/api/tickle
-> GET /v1/api/tickle,200|1071ms
-> request: /sso/ping
-> GET /sso/ping,200|1068ms
-> request: /v1/api/tickle
-> GET /v1/api/tickle,200|1052ms
-> request: /v1/api/tickle
-> GET /v1/api/tickle,200|1038ms
-> request: /v1/api/tickle
-> GET /v1/api/tickle,200|1062ms
-> request: /v1/api/tickle
-> GET /v1/api/tickle,200|4335ms
-> request: /v1/api/tickle
-> GET /v1/api/tickle,200|1055ms
-> request: /v1/api/tickle
-> GET /v1/api/tickle,200|1072ms
-> request: /v1/api/tickle
-> GET /v1/api/tickle,200|1081ms
-> request: /v1/api/tickle
-> GET /v1/api/tickle,200|1068ms
-> request: /v1/api/tickle
-> GET /v1/api/tickle,200|1052ms
-> request: /v1/api/tickle
-> GET /v1/api/tickle,200|1106ms
-> request: /sso/ping
-> GET /sso/ping,200|1040ms
-> request: /v1/api/tickle
-> GET /v1/api/tickle,200|1098ms
-> request: /v1/api/tickle
-> GET /v1/api/tickle,200|1058ms
-> request: /v1/api/tickle
-> GET /v1/api/tickle,200|1091ms
-> request: /v1/api/tickle
-> GET /v1/api/tickle,200|1032ms
-> request: /v1/api/tickle
-> GET /v1/api/tickle,200|1058ms
-> request: /v1/api/tickle
-> GET /v1/api/tickle,200|1039ms
-> request: /v1/api/tickle
-> GET /v1/api/tickle,200|1033ms
-> request: /v1/api/tickle
-> GET /v1/api/tickle,200|1079ms
-> request: /v1/api/tickle
-> GET /v1/api/tickle,200|1038ms
-> request: /v1/api/tickle
-> GET /v1/api/tickle,200|1098ms
-> request: /sso/ping
-> GET /sso/ping,200|1399ms
-> request: /v1/api/tickle
-> GET /v1/api/tickle,200|1059ms
-> request: /v1/api/tickle
-> GET /v1/api/tickle,200|1077ms
-> request: /v1/api/tickle
-> GET /v1/api/tickle,200|1060ms
-> request: /v1/api/tickle
-> GET /v1/api/tickle,200|1063ms
-> request: /v1/api/tickle
-> GET /v1/api/tickle,200|1091ms
-> request: /v1/api/tickle
-> GET /v1/api/tickle,200|1086ms
-> request: /v1/api/tickle
-> GET /v1/api/tickle,200|1092ms
-> request: /v1/api/tickle
-> GET /v1/api/tickle,200|1069ms
-> request: /v1/api/tickle
-> GET /v1/api/tickle,200|1090ms
-> request: /v1/api/tickle
-> GET /v1/api/tickle,200|1103ms
-> request: /sso/ping
-> GET /sso/ping,200|1067ms
-> request: /v1/api/tickle
-> GET /v1/api/tickle,200|1073ms
-> request: /v1/api/tickle
-> GET /v1/api/tickle,200|1078ms
-> request: /v1/api/tickle
-> GET /v1/api/tickle,200|1045ms
-> request: /v1/api/tickle
-> GET /v1/api/tickle,200|1037ms
-> request: /v1/api/tickle
-> GET /v1/api/tickle,200|1107ms
-> request: /v1/api/tickle
-> GET /v1/api/tickle,200|1096ms
-> request: /v1/api/tickle
-> GET /v1/api/tickle,200|1026ms
-> request: /v1/api/tickle
-> GET /v1/api/tickle,200|1103ms
-> request: /v1/api/tickle
-> GET /v1/api/tickle,200|1095ms
-> request: /v1/api/tickle
-> GET /v1/api/tickle,200|1062ms
-> request: /sso/ping
-> GET /sso/ping,200|1053ms
-> request: /v1/api/tickle
-> GET /v1/api/tickle,200|1071ms
-> request: /v1/api/tickle
-> GET /v1/api/tickle,200|1092ms
-> request: /v1/api/tickle
-> GET /v1/api/tickle,200|1020ms
-> request: /v1/api/tickle
-> GET /v1/api/tickle,200|1114ms
-> request: /v1/api/tickle
-> GET /v1/api/tickle,200|1031ms
-> request: /v1/api/tickle
-> GET /v1/api/tickle,200|1805ms
-> request: /v1/api/tickle
-> GET /v1/api/tickle,200|1299ms
-> request: /v1/api/tickle
-> GET /v1/api/tickle,200|2917ms
-> request: /v1/api/tickle
-> GET /v1/api/tickle,200|3050ms
-> request: /v1/api/tickle
-> GET /v1/api/tickle,200|2845ms
-> request: /sso/ping
-> GET /sso/ping,200|1430ms
-> request: /v1/api/tickle
-> GET /v1/api/tickle,200|5126ms
-> request: /v1/api/tickle
-> GET /v1/api/tickle,200|1230ms
-> request: /v1/api/tickle
-> GET /v1/api/tickle,200|1630ms
-> request: /v1/api/tickle
-> GET /v1/api/tickle,200|4832ms
-> request: /v1/api/tickle
-> GET /v1/api/tickle,200|1239ms
-> request: /v1/api/tickle
-> GET /v1/api/tickle,200|1350ms
-> request: /v1/api/tickle
-> GET /v1/api/tickle,200|1754ms
-> request: /v1/api/tickle
-> GET /v1/api/tickle,200|1258ms
-> request: /v1/api/tickle
-> GET /v1/api/tickle,200|4736ms
-> request: /v1/api/tickle
-> GET /v1/api/tickle,200|3301ms
-> request: /sso/ping
-> GET /sso/ping,200|1276ms
-> request: /v1/api/tickle
-> GET /v1/api/tickle,200|1587ms
-> request: /v1/api/tickle
-> GET /v1/api/tickle,200|1385ms
-> request: /v1/api/tickle
-> GET /v1/api/tickle,200|5773ms
-> request: /v1/api/tickle
-> GET /v1/api/tickle,200|1581ms
-> request: /v1/api/tickle
-> GET /v1/api/tickle,200|1686ms
-> request: /v1/api/tickle
-> GET /v1/api/tickle,200|1503ms
-> request: /v1/api/tickle
-> GET /v1/api/tickle,200|1591ms
-> request: /v1/api/tickle
-> GET /v1/api/tickle,200|1508ms
-> request: /v1/api/tickle
-> GET /v1/api/tickle,200|1491ms
-> request: /v1/api/tickle
-> GET /v1/api/tickle,200|1292ms
-> request: /sso/ping
-> GET /sso/ping,200|1422ms
-> request: /v1/api/tickle
-> GET /v1/api/tickle,200|1485ms
-> request: /v1/api/tickle
-> GET /v1/api/tickle,200|1520ms
-> request: /v1/api/tickle
-> GET /v1/api/tickle,200|1630ms
-> request: /v1/api/tickle
-> GET /v1/api/tickle,200|2657ms
-> request: /v1/api/tickle
-> GET /v1/api/tickle,200|2434ms
-> request: /v1/api/tickle
-> GET /v1/api/tickle,200|2547ms
-> request: /v1/api/tickle
-> GET /v1/api/tickle,200|5408ms
-> request: /v1/api/tickle
-> GET /v1/api/tickle,200|7670ms
-> request: /v1/api/tickle
-> GET /v1/api/tickle,200|2560ms
-> request: /v1/api/tickle
-> GET /v1/api/tickle,200|4508ms
-> request: /sso/ping
-> GET /sso/ping,200|3085ms
-> request: /v1/api/tickle
-> GET /v1/api/tickle,200|322ms
-> request: /v1/api/tickle
-> GET /v1/api/tickle,200|1658ms
-> request: /v1/api/tickle
-> GET /v1/api/tickle,200|2689ms
-> request: /v1/api/tickle
-> GET /v1/api/tickle,200|1544ms
-> request: /v1/api/tickle
-> GET /v1/api/tickle,200|2885ms
-> request: /v1/api/tickle
-> GET /v1/api/tickle,200|2991ms
-> request: /v1/api/tickle
-> GET /v1/api/tickle,200|1251ms
-> request: /v1/api/tickle
-> GET /v1/api/tickle,200|2484ms
-> request: /v1/api/tickle
-> GET /v1/api/tickle,200|1773ms
-> request: /v1/api/tickle
-> GET /v1/api/tickle,200|1581ms
-> request: /sso/ping
-> GET /sso/ping,200|1353ms
-> request: /v1/api/tickle
-> GET /v1/api/tickle,200|1389ms
-> request: /v1/api/tickle
-> GET /v1/api/tickle,200|1487ms
-> request: /v1/api/tickle
-> GET /v1/api/tickle,200|1584ms
-> request: /v1/api/tickle
-> GET /v1/api/tickle,200|1689ms
-> request: /v1/api/tickle
-> GET /v1/api/tickle,200|3333ms
-> request: /v1/api/tickle
-> GET /v1/api/tickle,200|1536ms
-> request: /v1/api/tickle
-> GET /v1/api/tickle,200|1332ms
-> request: /v1/api/tickle
-> GET /v1/api/tickle,200|1452ms
-> request: /v1/api/tickle
-> GET /v1/api/tickle,200|1096ms
-> request: /v1/api/tickle
-> GET /v1/api/tickle,200|2781ms
-> request: /sso/ping
-> GET /sso/ping,200|1359ms
-> request: /v1/api/tickle
-> GET /v1/api/tickle,200|5048ms
-> request: /v1/api/tickle
-> GET /v1/api/tickle,200|1446ms
-> request: /v1/api/tickle
-> GET /v1/api/tickle,200|1255ms
-> request: /v1/api/tickle
-> GET /v1/api/tickle,200|5042ms
-> request: /v1/api/tickle
-> GET /v1/api/tickle,200|5453ms
-> request: /v1/api/tickle
-> GET /v1/api/tickle,200|1256ms
-> request: /v1/api/tickle
-> GET /v1/api/tickle,200|2615ms
-> request: /v1/api/tickle
-> GET /v1/api/tickle,200|4232ms
-> request: /v1/api/tickle
-> GET /v1/api/tickle,200|1246ms
-> request: /v1/api/tickle
-> GET /v1/api/tickle,200|1376ms
-> request: /sso/ping
-> GET /sso/ping,200|1493ms
-> request: /v1/api/tickle
-> GET /v1/api/tickle,200|1502ms
-> request: /v1/api/tickle
-> GET /v1/api/tickle,200|1290ms
-> request: /v1/api/tickle
-> GET /v1/api/tickle,200|1388ms
-> request: /v1/api/tickle
-> GET /v1/api/tickle,200|1500ms
-> request: /v1/api/tickle
-> GET /v1/api/tickle,200|1292ms
-> request: /v1/api/tickle
-> GET /v1/api/tickle,200|1711ms
-> request: /v1/api/tickle
-> GET /v1/api/tickle,200|1508ms
-> request: /v1/api/tickle
-> GET /v1/api/tickle,200|1167ms
-> request: /v1/api/tickle
-> GET /v1/api/tickle,200|1122ms
-> request: /v1/api/tickle
-> GET /v1/api/tickle,200|2101ms
-> request: /sso/ping
-> GET /sso/ping,200|1103ms
-> request: /v1/api/tickle
-> GET /v1/api/tickle,200|1108ms
-> request: /v1/api/tickle
-> GET /v1/api/tickle,200|4405ms
-> request: /v1/api/tickle
-> GET /v1/api/tickle,200|1163ms
-> request: /v1/api/tickle
-> GET /v1/api/tickle,200|1133ms
-> request: /v1/api/tickle
-> GET /v1/api/tickle,200|1149ms
-> request: /v1/api/tickle
-> GET /v1/api/tickle,200|1141ms
-> request: /v1/api/tickle
-> GET /v1/api/tickle,200|1149ms
-> request: /v1/api/tickle
-> GET /v1/api/tickle,200|1107ms
-> request: /v1/api/tickle
-> GET /v1/api/tickle,200|1167ms
-> request: /v1/api/tickle
-> GET /v1/api/tickle,200|1101ms
-> request: /sso/ping
-> GET /sso/ping,200|1113ms
-> request: /v1/api/tickle
-> GET /v1/api/tickle,200|1112ms
-> request: /v1/api/tickle
-> GET /v1/api/tickle,200|1108ms
-> request: /v1/api/tickle
-> GET /v1/api/tickle,200|1117ms
-> request: /v1/api/tickle
-> GET /v1/api/tickle,200|2146ms
-> request: /v1/api/tickle
-> GET /v1/api/tickle,200|1087ms
-> request: /v1/api/tickle
-> GET /v1/api/tickle,200|1095ms
-> request: /v1/api/tickle
-> GET /v1/api/tickle,200|1170ms
-> request: /v1/api/tickle
-> GET /v1/api/tickle,200|1122ms
-> request: /v1/api/tickle
-> GET /v1/api/tickle,200|1100ms
-> request: /v1/api/tickle
-> GET /v1/api/tickle,200|1116ms
-> request: /sso/ping
-> GET /sso/ping,200|1087ms
-> request: /v1/api/tickle
-> GET /v1/api/tickle,200|1107ms
-> request: /v1/api/tickle
-> GET /v1/api/tickle,200|2416ms
-> request: /v1/api/tickle
-> GET /v1/api/tickle,200|1151ms
-> request: /v1/api/tickle
-> GET /v1/api/tickle,200|1097ms
-> request: /v1/api/tickle
-> GET /v1/api/tickle,200|1096ms
-> request: /v1/api/tickle
-> GET /v1/api/tickle,200|1115ms
-> request: /v1/api/tickle
-> GET /v1/api/tickle,200|2090ms
-> request: /v1/api/tickle
-> GET /v1/api/tickle,200|4374ms
-> request: /v1/api/tickle
-> GET /v1/api/tickle,200|1098ms
-> request: /v1/api/tickle
-> GET /v1/api/tickle,200|1112ms
-> request: /sso/ping
-> GET /sso/ping,200|1076ms
-> request: /v1/api/tickle
-> GET /v1/api/tickle,200|1098ms
-> request: /v1/api/tickle
-> GET /v1/api/tickle,200|2392ms
-> request: /v1/api/tickle
-> GET /v1/api/tickle,200|2387ms
-> request: /v1/api/tickle
-> GET /v1/api/tickle,200|5396ms
-> request: /v1/api/tickle
-> GET /v1/api/tickle,200|1126ms
-> request: /v1/api/tickle
-> GET /v1/api/tickle,200|1144ms
-> request: /v1/api/tickle
-> GET /v1/api/tickle,200|1131ms
-> request: /v1/api/tickle
-> GET /v1/api/tickle,200|1119ms
-> request: /v1/api/tickle
-> GET /v1/api/tickle,200|1127ms
-> request: /v1/api/tickle
-> GET /v1/api/tickle,200|1092ms
-> request: /sso/ping
-> GET /sso/ping,200|1076ms
-> request: /v1/api/tickle
-> GET /v1/api/tickle,200|1085ms
-> request: /v1/api/tickle
-> GET /v1/api/tickle,200|1079ms
-> request: /v1/api/tickle
-> GET /v1/api/tickle,200|1112ms
-> request: /v1/api/tickle
-> GET /v1/api/tickle,200|1103ms
-> request: /v1/api/tickle
-> GET /v1/api/tickle,200|1128ms
-> request: /v1/api/tickle
-> GET /v1/api/tickle,200|1078ms
-> request: /v1/api/tickle
-> GET /v1/api/tickle,200|1110ms
-> request: /v1/api/tickle
-> GET /v1/api/tickle,200|1099ms
-> request: /v1/api/tickle
-> GET /v1/api/tickle,200|1125ms
-> request: /v1/api/tickle
-> GET /v1/api/tickle,200|1141ms
-> request: /sso/ping
-> GET /sso/ping,200|1150ms
-> request: /v1/api/tickle
-> GET /v1/api/tickle,200|1139ms
-> request: /v1/api/tickle
-> request: /v1/api/tickle
-> GET /v1/api/tickle,200|1516ms
-> request: /v1/api/tickle
-> GET /v1/api/tickle,200|1303ms
-> request: /v1/api/tickle
-> GET /v1/api/tickle,200|1406ms
-> request: /v1/api/tickle
-> GET /v1/api/tickle,200|1228ms
-> request: /v1/api/tickle
-> GET /v1/api/tickle,200|1371ms
-> request: /v1/api/tickle
-> GET /v1/api/tickle,200|1133ms
-> request: /v1/api/tickle
-> GET /v1/api/tickle,200|1117ms
-> request: /v1/api/tickle
-> GET /v1/api/tickle,200|1343ms
-> request: /sso/ping
-> GET /sso/ping,200|1091ms
-> request: /v1/api/tickle
-> GET /v1/api/tickle,200|1195ms
-> request: /v1/api/tickle
-> GET /v1/api/tickle,200|2523ms
-> request: /v1/api/tickle
-> GET /v1/api/tickle,200|1408ms
-> request: /v1/api/tickle
-> GET /v1/api/tickle,200|1198ms
-> request: /v1/api/tickle
-> GET /v1/api/tickle,200|1328ms
-> request: /v1/api/tickle
-> GET /v1/api/tickle,200|1123ms
-> request: /v1/api/tickle
-> GET /v1/api/tickle,200|1208ms
-> request: /v1/api/tickle
-> GET /v1/api/tickle,200|1338ms
-> request: /v1/api/tickle
-> GET /v1/api/tickle,200|1413ms
-> request: /v1/api/tickle
-> GET /v1/api/tickle,200|1223ms
-> request: /sso/ping
-> GET /sso/ping,200|1340ms
-> request: /v1/api/tickle
-> GET /v1/api/tickle,200|1306ms
-> request: /v1/api/tickle
-> GET /v1/api/tickle,200|1426ms
-> request: /v1/api/tickle
-> GET /v1/api/tickle,200|1252ms
-> request: /v1/api/tickle
-> GET /v1/api/tickle,200|1375ms
-> request: /v1/api/tickle
-> GET /v1/api/tickle,200|1756ms
-> request: /v1/api/tickle
-> GET /v1/api/tickle,200|1258ms
-> request: /v1/api/tickle
-> GET /v1/api/tickle,200|1348ms
-> request: /v1/api/tickle
-> GET /v1/api/tickle,200|1775ms
-> request: /v1/api/tickle
-> GET /v1/api/tickle,200|1153ms
-> request: /v1/api/tickle
-> GET /v1/api/tickle,200|1358ms
-> request: /sso/ping
-> GET /sso/ping,200|1492ms
-> request: /v1/api/tickle
-> GET /v1/api/tickle,200|1490ms
-> request: /v1/api/tickle
-> GET /v1/api/tickle,200|1216ms
-> request: /v1/api/tickle
-> GET /v1/api/tickle,200|1342ms
-> request: /v1/api/tickle
-> GET /v1/api/tickle,200|1494ms
-> request: /v1/api/tickle
-> GET /v1/api/tickle,200|1281ms
-> request: /v1/api/tickle
-> GET /v1/api/tickle,200|1382ms
-> request: /v1/api/tickle
-> GET /v1/api/tickle,200|1488ms
-> request: /v1/api/tickle
-> GET /v1/api/tickle,200|3149ms
-> request: /v1/api/tickle
-> GET /v1/api/tickle,200|1398ms
-> request: /v1/api/tickle
-> GET /v1/api/tickle,200|1498ms
-> request: /sso/ping
-> GET /sso/ping,200|1323ms
-> request: /v1/api/tickle
-> GET /v1/api/tickle,200|1324ms
-> request: /v1/api/tickle
-> GET /v1/api/tickle,200|1380ms
-> request: /v1/api/tickle
-> GET /v1/api/tickle,200|1173ms
-> request: /v1/api/tickle
-> GET /v1/api/tickle,200|1335ms
-> request: /v1/api/tickle
-> GET /v1/api/tickle,200|1429ms
-> request: /v1/api/tickle
-> GET /v1/api/tickle,200|1240ms
-> request: /v1/api/tickle
-> GET /v1/api/tickle,200|1323ms
-> request: /v1/api/tickle
-> GET /v1/api/tickle,200|1431ms
-> request: /v1/api/tickle
-> GET /v1/api/tickle,200|1248ms
-> request: /v1/api/tickle
-> GET /v1/api/tickle,200|1358ms
-> request: /sso/ping
-> GET /sso/ping,200|1472ms
-> request: /v1/api/tickle
-> GET /v1/api/tickle,200|1453ms
-> request: /v1/api/tickle
-> GET /v1/api/tickle,200|1265ms
-> request: /v1/api/tickle
-> GET /v1/api/tickle,200|1046ms
-> request: /v1/api/tickle
-> GET /v1/api/tickle,200|1457ms
-> request: /v1/api/tickle
-> GET /v1/api/tickle,200|1271ms
-> request: /v1/api/tickle
-> GET /v1/api/tickle,200|1359ms
-> request: /v1/api/tickle
-> GET /v1/api/tickle,200|1168ms
-> request: /v1/api/tickle
-> GET /v1/api/tickle,200|1583ms
-> request: /v1/api/tickle
-> GET /v1/api/tickle,200|1374ms
-> request: /v1/api/tickle
-> GET /v1/api/tickle,200|1476ms
-> request: /sso/ping
-> GET /sso/ping,200|1635ms
-> request: /v1/api/tickle
-> GET /v1/api/tickle,200|1609ms
-> request: /v1/api/tickle
-> GET /v1/api/tickle,200|1409ms
-> request: /v1/api/tickle
-> GET /v1/api/tickle,200|1500ms
-> request: /v1/api/tickle
-> GET /v1/api/tickle,200|1302ms
-> request: /v1/api/tickle
-> GET /v1/api/tickle,200|1406ms
-> request: /v1/api/tickle
-> GET /v1/api/tickle,200|1208ms
-> request: /v1/api/tickle
-> GET /v1/api/tickle,200|1306ms
-> request: /v1/api/tickle
-> GET /v1/api/tickle,200|1432ms
-> request: /v1/api/tickle
-> GET /v1/api/tickle,200|1217ms
-> request: /v1/api/tickle
-> GET /v1/api/tickle,200|1319ms
-> request: /sso/ping
-> GET /sso/ping,200|1438ms
-> request: /v1/api/tickle
-> GET /v1/api/tickle,200|1448ms
-> request: /v1/api/tickle
-> GET /v1/api/tickle,200|1228ms
-> request: /v1/api/tickle
-> GET /v1/api/tickle,200|1302ms
-> request: /v1/api/tickle
-> GET /v1/api/tickle,200|1325ms
-> request: /v1/api/tickle
-> GET /v1/api/tickle,200|1089ms
-> request: /v1/api/tickle
-> GET /v1/api/tickle,200|1072ms
-> request: /v1/api/tickle
-> GET /v1/api/tickle,200|1058ms
-> request: /v1/api/tickle
-> GET /v1/api/tickle,200|1028ms
-> request: /v1/api/tickle
-> GET /v1/api/tickle,200|1064ms
-> request: /v1/api/tickle
-> GET /v1/api/tickle,200|1048ms
-> request: /sso/ping
-> GET /sso/ping,200|1045ms
-> request: /v1/api/tickle
-> GET /v1/api/tickle,200|1023ms
-> request: /v1/api/tickle
-> GET /v1/api/tickle,200|1044ms
-> request: /v1/api/tickle
-> GET /v1/api/tickle,200|1064ms
-> request: /v1/api/tickle
-> GET /v1/api/tickle,200|1024ms
-> request: /v1/api/tickle
-> GET /v1/api/tickle,200|1015ms
-> request: /v1/api/tickle
-> GET /v1/api/tickle,200|1026ms
-> request: /v1/api/tickle
-> GET /v1/api/tickle,200|1045ms
-> request: /v1/api/tickle
-> GET /v1/api/tickle,200|1019ms
-> request: /v1/api/tickle
-> GET /v1/api/tickle,200|1056ms
-> request: /v1/api/tickle
-> GET /v1/api/tickle,200|1030ms
-> request: /sso/ping
-> GET /sso/ping,200|1012ms
-> request: /v1/api/tickle
-> GET /v1/api/tickle,200|1046ms
-> request: /v1/api/tickle
-> GET /v1/api/tickle,200|1084ms
-> request: /v1/api/tickle
-> GET /v1/api/tickle,200|1145ms
-> request: /v1/api/tickle
-> GET /v1/api/tickle,200|1459ms
-> request: /v1/api/tickle
-> GET /v1/api/tickle,200|1067ms
-> request: /v1/api/tickle
-> GET /v1/api/tickle,200|1040ms
-> request: /v1/api/tickle
-> GET /v1/api/tickle,200|1036ms
-> request: /v1/api/tickle
-> GET /v1/api/tickle,200|1049ms
-> request: /v1/api/tickle
-> GET /v1/api/tickle,200|1035ms
-> request: /v1/api/tickle
-> GET /v1/api/tickle,200|1223ms
-> request: /sso/ping
-> GET /sso/ping,200|1072ms
-> request: /v1/api/tickle
-> GET /v1/api/tickle,200|1048ms
-> request: /v1/api/tickle
-> GET /v1/api/tickle,200|1075ms
-> request: /v1/api/tickle
-> GET /v1/api/tickle,200|1861ms
-> request: /v1/api/tickle
-> GET /v1/api/tickle,200|1054ms
-> request: /v1/api/tickle
-> GET /v1/api/tickle,200|1053ms
-> request: /v1/api/tickle
-> GET /v1/api/tickle,200|1011ms
-> request: /v1/api/tickle
-> GET /v1/api/tickle,200|1563ms
-> request: /v1/api/tickle
-> GET /v1/api/tickle,200|1064ms
-> request: /v1/api/tickle
-> GET /v1/api/tickle,200|1020ms
-> request: /v1/api/tickle
-> GET /v1/api/tickle,200|1019ms
-> request: /sso/ping
-> GET /sso/ping,200|1077ms
-> request: /v1/api/tickle
-> GET /v1/api/tickle,200|1061ms
-> request: /v1/api/tickle
-> GET /v1/api/tickle,200|1008ms
-> request: /v1/api/tickle
-> GET /v1/api/tickle,200|1074ms
-> request: /v1/api/tickle
-> GET /v1/api/tickle,200|1054ms
-> request: /v1/api/tickle
-> GET /v1/api/tickle,200|1073ms
-> request: /v1/api/tickle
-> GET /v1/api/tickle,200|1060ms
-> request: /v1/api/tickle
-> GET /v1/api/tickle,200|1057ms
-> request: /v1/api/tickle
-> GET /v1/api/tickle,200|1042ms
-> request: /v1/api/tickle
-> GET /v1/api/tickle,200|1032ms
-> request: /v1/api/tickle
-> GET /v1/api/tickle,200|1014ms
-> request: /sso/ping
-> GET /sso/ping,200|1085ms
-> request: /v1/api/tickle
-> GET /v1/api/tickle,200|1077ms
-> request: /v1/api/tickle
-> GET /v1/api/tickle,200|1043ms
-> request: /v1/api/tickle
-> GET /v1/api/tickle,200|4122ms
-> request: /v1/api/tickle
-> GET /v1/api/tickle,200|1618ms
-> request: /v1/api/tickle
-> GET /v1/api/tickle,200|1065ms
-> request: /v1/api/tickle
-> GET /v1/api/tickle,200|1038ms
-> request: /v1/api/tickle
-> GET /v1/api/tickle,200|1069ms
-> request: /v1/api/tickle
-> GET /v1/api/tickle,200|1478ms
-> request: /v1/api/tickle
-> GET /v1/api/tickle,200|1049ms
-> request: /v1/api/tickle
-> GET /v1/api/tickle,200|1013ms
-> request: /sso/ping
-> GET /sso/ping,200|1017ms
-> request: /v1/api/tickle
-> GET /v1/api/tickle,200|1044ms
-> request: /v1/api/tickle
-> GET /v1/api/tickle,200|1046ms
-> request: /v1/api/tickle
-> GET /v1/api/tickle,200|1047ms
-> request: /v1/api/tickle
-> GET /v1/api/tickle,200|1034ms
-> request: /v1/api/tickle
-> GET /v1/api/tickle,200|1045ms
-> request: /v1/api/tickle
-> GET /v1/api/tickle,200|1031ms
-> request: /v1/api/tickle
-> GET /v1/api/tickle,200|1068ms
-> request: /v1/api/tickle
-> GET /v1/api/tickle,200|1017ms
-> request: /v1/api/tickle
-> GET /v1/api/tickle,200|1041ms
-> request: /v1/api/tickle
-> GET /v1/api/tickle,200|1039ms
-> request: /sso/ping
-> GET /sso/ping,200|1041ms
-> request: /v1/api/tickle
-> GET /v1/api/tickle,200|1065ms
-> request: /v1/api/tickle
-> GET /v1/api/tickle,200|1040ms
-> request: /v1/api/tickle
-> GET /v1/api/tickle,200|2778ms
-> request: /v1/api/tickle
-> GET /v1/api/tickle,200|1046ms
-> request: /v1/api/tickle
-> GET /v1/api/tickle,200|1022ms
-> request: /v1/api/tickle
-> GET /v1/api/tickle,200|1208ms
-> request: /v1/api/tickle
-> GET /v1/api/tickle,200|1318ms
-> request: /v1/api/tickle
-> GET /v1/api/tickle,200|1407ms
-> request: /v1/api/tickle
-> GET /v1/api/tickle,200|1215ms
-> request: /v1/api/tickle
-> GET /v1/api/tickle,200|1335ms
-> request: /sso/ping
-> GET /sso/ping,200|1434ms
-> request: /v1/api/tickle
-> GET /v1/api/tickle,200|1445ms
-> request: /v1/api/tickle
-> GET /v1/api/tickle,200|1238ms
-> request: /v1/api/tickle
-> GET /v1/api/tickle,200|1925ms
-> request: /v1/api/tickle
-> GET /v1/api/tickle,200|1430ms
-> request: /v1/api/tickle
-> GET /v1/api/tickle,200|1138ms
-> request: /v1/api/tickle
-> GET /v1/api/tickle,200|1293ms
-> request: /v1/api/tickle
-> GET /v1/api/tickle,200|1363ms
-> request: /v1/api/tickle
-> GET /v1/api/tickle,200|1488ms
-> request: /v1/api/tickle
-> GET /v1/api/tickle,200|1583ms
-> request: /v1/api/tickle
-> GET /v1/api/tickle,200|1377ms
-> request: /sso/ping
-> GET /sso/ping,200|1198ms
-> request: /v1/api/tickle
-> GET /v1/api/tickle,200|1196ms
-> request: /v1/api/tickle
-> GET /v1/api/tickle,200|1907ms
-> request: /v1/api/tickle
-> GET /v1/api/tickle,200|1375ms
-> request: /v1/api/tickle
-> GET /v1/api/tickle,200|1195ms
-> request: /v1/api/tickle
-> GET /v1/api/tickle,200|1279ms
-> request: /v1/api/tickle
-> GET /v1/api/tickle,200|1392ms
-> request: /v1/api/tickle
-> GET /v1/api/tickle,200|1479ms
-> request: /v1/api/tickle
-> GET /v1/api/tickle,200|1299ms
-> request: /v1/api/tickle
-> GET /v1/api/tickle,200|1804ms
-> request: /v1/api/tickle
-> GET /v1/api/tickle,200|1198ms
-> request: /sso/ping
-> GET /sso/ping,200|1295ms
-> request: /v1/api/tickle
-> GET /v1/api/tickle,200|1302ms
-> request: /v1/api/tickle
-> GET /v1/api/tickle,200|1386ms
-> request: /v1/api/tickle
-> GET /v1/api/tickle,200|1198ms
-> request: /v1/api/tickle
-> GET /v1/api/tickle,200|1302ms
-> request: /v1/api/tickle
-> GET /v1/api/tickle,200|1404ms
-> request: /v1/api/tickle
-> GET /v1/api/tickle,200|1217ms
-> request: /v1/api/tickle
-> GET /v1/api/tickle,200|1321ms
-> request: /v1/api/tickle
-> GET /v1/api/tickle,200|1403ms
-> request: /v1/api/tickle
-> GET /v1/api/tickle,200|1228ms
-> request: /v1/api/tickle
-> GET /v1/api/tickle,200|1314ms
-> request: /sso/ping
-> GET /sso/ping,200|1432ms
-> request: /v1/api/tickle
-> GET /v1/api/tickle,200|1439ms
-> request: /v1/api/tickle
-> GET /v1/api/tickle,200|1216ms
-> request: /v1/api/tickle
-> GET /v1/api/tickle,200|1343ms
-> request: /v1/api/tickle
-> GET /v1/api/tickle,200|1445ms
-> request: /v1/api/tickle
-> GET /v1/api/tickle,200|1836ms
-> request: /v1/api/tickle
-> GET /v1/api/tickle,200|1302ms
-> request: /v1/api/tickle
-> GET /v1/api/tickle,200|1452ms
-> request: /v1/api/tickle
-> GET /v1/api/tickle,200|1231ms
-> request: /v1/api/tickle
-> GET /v1/api/tickle,200|1344ms
-> request: /v1/api/tickle
-> GET /v1/api/tickle,200|1477ms
-> request: /sso/ping
-> GET /sso/ping,200|1459ms
-> request: /v1/api/tickle
-> GET /v1/api/tickle,200|1107ms
-> request: /v1/api/tickle
-> GET /v1/api/tickle,200|1239ms
-> request: /v1/api/tickle
-> GET /v1/api/tickle,200|1347ms
-> request: /v1/api/tickle
-> GET /v1/api/tickle,200|1468ms
-> request: /v1/api/tickle
-> GET /v1/api/tickle,200|1040ms
-> request: /v1/api/tickle
-> GET /v1/api/tickle,200|1356ms
-> request: /v1/api/tickle
-> GET /v1/api/tickle,200|1045ms
-> request: /v1/api/tickle
-> GET /v1/api/tickle,200|1262ms
-> request: /v1/api/tickle
-> GET /v1/api/tickle,200|1346ms
-> request: /v1/api/tickle
-> GET /v1/api/tickle,200|1489ms
-> request: /sso/ping
-> GET /sso/ping,200|1279ms
-> request: /v1/api/tickle
-> GET /v1/api/tickle,200|1291ms
-> request: /v1/api/tickle
-> GET /v1/api/tickle,200|1378ms
-> request: /v1/api/tickle
-> GET /v1/api/tickle,200|1197ms
-> request: /v1/api/tickle
-> GET /v1/api/tickle,200|1280ms
-> request: /v1/api/tickle
-> GET /v1/api/tickle,200|1384ms
-> request: /v1/api/tickle
-> GET /v1/api/tickle,200|1495ms
-> request: /v1/api/tickle
-> GET /v1/api/tickle,200|1903ms
-> request: /v1/api/tickle
-> GET /v1/api/tickle,200|1395ms
-> request: /v1/api/tickle
-> GET /v1/api/tickle,200|1181ms
-> request: /v1/api/tickle
-> GET /v1/api/tickle,200|1307ms
-> request: /sso/ping
-> GET /sso/ping,200|1368ms
-> request: /v1/api/tickle
-> GET /v1/api/tickle,200|1356ms
-> request: /v1/api/tickle
-> GET /v1/api/tickle,200|1227ms
-> request: /v1/api/tickle
-> GET /v1/api/tickle,200|1318ms
-> request: /v1/api/tickle
-> GET /v1/api/tickle,200|1415ms
-> request: /v1/api/tickle
-> GET /v1/api/tickle,200|1239ms
-> request: /v1/api/tickle
-> GET /v1/api/tickle,200|1326ms
-> request: /v1/api/tickle
-> GET /v1/api/tickle,200|1425ms
-> request: /v1/api/tickle
-> GET /v1/api/tickle,200|1057ms
-> request: /v1/api/tickle
-> GET /v1/api/tickle,200|1058ms
-> request: /v1/api/tickle
-> GET /v1/api/tickle,200|1009ms
-> request: /sso/ping
-> GET /sso/ping,200|1046ms
-> request: /v1/api/tickle
-> GET /v1/api/tickle,200|1009ms
-> request: /v1/api/tickle
-> GET /v1/api/tickle,200|1063ms
-> request: /v1/api/tickle
-> GET /v1/api/tickle,200|1006ms
-> request: /v1/api/tickle
-> GET /v1/api/tickle,200|1046ms
-> request: /v1/api/tickle
-> GET /v1/api/tickle,200|1038ms
-> request: /v1/api/tickle
-> GET /v1/api/tickle,200|1048ms
-> request: /v1/api/tickle
-> GET /v1/api/tickle,200|1042ms
-> request: /v1/api/tickle
-> GET /v1/api/tickle,200|1042ms
-> request: /v1/api/tickle
-> GET /v1/api/tickle,200|1067ms
-> request: /v1/api/tickle
-> GET /v1/api/tickle,200|1012ms
-> request: /sso/ping
-> GET /sso/ping,200|1015ms
-> request: /v1/api/tickle
-> GET /v1/api/tickle,200|1041ms
-> request: /v1/api/tickle
-> GET /v1/api/tickle,200|1065ms
-> request: /v1/api/tickle
-> GET /v1/api/tickle,200|1068ms
-> request: /v1/api/tickle
-> GET /v1/api/tickle,200|1034ms
-> request: /v1/api/tickle
-> GET /v1/api/tickle,200|1042ms
-> request: /v1/api/tickle
-> GET /v1/api/tickle,200|1019ms
-> request: /v1/api/tickle
-> GET /v1/api/tickle,200|1011ms
-> request: /v1/api/tickle
-> GET /v1/api/tickle,200|1034ms
-> request: /v1/api/tickle
-> GET /v1/api/tickle,200|1039ms
-> request: /v1/api/tickle
-> GET /v1/api/tickle,200|1055ms
-> request: /sso/ping
-> GET /sso/ping,200|1013ms
-> request: /v1/api/tickle
-> GET /v1/api/tickle,200|1040ms
-> request: /v1/api/tickle
-> GET /v1/api/tickle,200|1022ms
-> request: /v1/api/tickle
-> GET /v1/api/tickle,200|1033ms
-> request: /v1/api/tickle
-> GET /v1/api/tickle,200|1042ms
-> request: /v1/api/tickle
-> GET /v1/api/tickle,200|1638ms
-> request: /v1/api/tickle
-> GET /v1/api/tickle,200|991ms
-> request: /v1/api/tickle
-> GET /v1/api/tickle,200|1346ms
-> request: /v1/api/tickle
-> GET /v1/api/tickle,200|1004ms
-> request: /v1/api/tickle
-> GET /v1/api/tickle,200|1042ms
-> request: /v1/api/tickle
-> GET /v1/api/tickle,200|4061ms
-> request: /sso/ping
-> GET /sso/ping,200|4432ms
-> request: /v1/api/tickle
-> GET /v1/api/tickle,200|322ms
-> request: /v1/api/tickle
-> GET /v1/api/tickle,200|984ms
-> request: /v1/api/tickle
-> GET /v1/api/tickle,200|1038ms
-> request: /v1/api/tickle
-> GET /v1/api/tickle,200|1049ms
-> request: /v1/api/tickle
-> GET /v1/api/tickle,200|1044ms
-> request: /v1/api/tickle
-> GET /v1/api/tickle,200|1051ms
-> request: /v1/api/tickle
-> GET /v1/api/tickle,200|1034ms
-> request: /v1/api/tickle
-> GET /v1/api/tickle,200|1042ms
-> request: /v1/api/tickle
-> GET /v1/api/tickle,200|1045ms
-> request: /v1/api/tickle
-> GET /v1/api/tickle,200|1059ms
-> request: /sso/ping
-> GET /sso/ping,200|1041ms
-> request: /v1/api/tickle
-> GET /v1/api/tickle,200|1045ms
-> request: /v1/api/tickle
-> GET /v1/api/tickle,200|1043ms
-> request: /v1/api/tickle
-> GET /v1/api/tickle,200|1043ms
-> request: /v1/api/tickle
-> GET /v1/api/tickle,200|1043ms
-> request: /v1/api/tickle
-> GET /v1/api/tickle,200|1035ms
-> request: /v1/api/tickle
-> GET /v1/api/tickle,200|1040ms
-> request: /v1/api/tickle
-> GET /v1/api/tickle,200|1042ms
-> request: /v1/api/tickle
-> GET /v1/api/tickle,200|1048ms
-> request: /v1/api/tickle
-> GET /v1/api/tickle,200|1013ms
-> request: /v1/api/tickle
-> GET /v1/api/tickle,200|1036ms
-> request: /sso/ping
-> GET /sso/ping,200|987ms
-> request: /v1/api/tickle
-> GET /v1/api/tickle,200|1003ms
-> request: /v1/api/tickle
-> GET /v1/api/tickle,200|1043ms
-> request: /v1/api/tickle
-> GET /v1/api/tickle,200|1011ms
-> request: /v1/api/tickle
-> GET /v1/api/tickle,200|1010ms
-> request: /v1/api/tickle
-> GET /v1/api/tickle,200|1014ms
-> request: /v1/api/tickle
-> GET /v1/api/tickle,200|1766ms
-> request: /v1/api/tickle
-> GET /v1/api/tickle,200|1013ms
-> request: /v1/api/tickle
-> GET /v1/api/tickle,200|1042ms
-> request: /v1/api/tickle
-> GET /v1/api/tickle,200|1013ms
-> request: /v1/api/tickle
-> GET /v1/api/tickle,200|1072ms
-> request: /sso/ping
-> GET /sso/ping,200|1024ms
-> request: /v1/api/tickle
-> GET /v1/api/tickle,200|1044ms
-> request: /v1/api/tickle
-> GET /v1/api/tickle,200|1042ms
-> request: /v1/api/tickle
-> GET /v1/api/tickle,200|1010ms
-> request: /v1/api/tickle
-> GET /v1/api/tickle,200|1093ms
-> request: /v1/api/tickle
-> GET /v1/api/tickle,200|1072ms
-> request: /v1/api/tickle
-> GET /v1/api/tickle,200|1045ms
-> request: /v1/api/tickle
-> GET /v1/api/tickle,200|1018ms
-> request: /v1/api/tickle
-> GET /v1/api/tickle,200|1016ms
-> request: /v1/api/tickle
-> GET /v1/api/tickle,200|1436ms
-> request: /v1/api/tickle
-> GET /v1/api/tickle,200|1179ms
-> request: /sso/ping
-> GET /sso/ping,200|1356ms
-> request: /v1/api/tickle
-> GET /v1/api/tickle,200|1670ms
-> request: /v1/api/tickle
-> GET /v1/api/tickle,200|1377ms
-> request: /v1/api/tickle
-> GET /v1/api/tickle,200|2573ms
-> request: /v1/api/tickle
-> GET /v1/api/tickle,200|1363ms
-> request: /v1/api/tickle
-> GET /v1/api/tickle,200|1017ms
-> request: /v1/api/tickle
-> GET /v1/api/tickle,200|1260ms
-> request: /v1/api/tickle
-> GET /v1/api/tickle,200|1355ms
-> request: /v1/api/tickle
-> GET /v1/api/tickle,200|1472ms
-> request: /v1/api/tickle
-> GET /v1/api/tickle,200|1023ms
-> request: /v1/api/tickle
-> GET /v1/api/tickle,200|1338ms
-> request: /sso/ping
-> GET /sso/ping,200|1193ms
-> request: /v1/api/tickle
-> GET /v1/api/tickle,200|1202ms
-> request: /v1/api/tickle
-> GET /v1/api/tickle,200|1293ms
-> request: /v1/api/tickle
-> GET /v1/api/tickle,200|1398ms
-> request: /v1/api/tickle
-> GET /v1/api/tickle,200|1203ms
-> request: /v1/api/tickle
-> GET /v1/api/tickle,200|1303ms
-> request: /v1/api/tickle
-> GET /v1/api/tickle,200|1410ms
-> request: /v1/api/tickle
-> GET /v1/api/tickle,200|1224ms
-> request: /v1/api/tickle
-> GET /v1/api/tickle,200|1314ms
-> request: /v1/api/tickle
-> GET /v1/api/tickle,200|1427ms
-> request: /v1/api/tickle
-> GET /v1/api/tickle,200|1228ms
-> request: /sso/ping
-> GET /sso/ping,200|1644ms
-> request: /v1/api/tickle
-> GET /v1/api/tickle,200|1399ms
-> request: /v1/api/tickle
-> GET /v1/api/tickle,200|1214ms
-> request: /v1/api/tickle
-> GET /v1/api/tickle,200|1317ms
-> request: /v1/api/tickle
-> GET /v1/api/tickle,200|1405ms
-> request: /v1/api/tickle
-> GET /v1/api/tickle,200|1206ms
-> request: /v1/api/tickle
-> GET /v1/api/tickle,200|1573ms
-> request: /v1/api/tickle
-> GET /v1/api/tickle,200|2953ms
-> request: /v1/api/tickle
-> GET /v1/api/tickle,200|1219ms
-> request: /v1/api/tickle
-> GET /v1/api/tickle,200|1341ms
-> request: /v1/api/tickle
-> GET /v1/api/tickle,200|1389ms
-> request: /sso/ping
-> GET /sso/ping,200|1251ms
-> request: /v1/api/tickle
-> GET /v1/api/tickle,200|1254ms
-> request: /v1/api/tickle
-> GET /v1/api/tickle,200|1643ms
-> request: /v1/api/tickle
-> GET /v1/api/tickle,200|1444ms
-> request: /v1/api/tickle
-> GET /v1/api/tickle,200|1151ms
-> request: /v1/api/tickle
-> GET /v1/api/tickle,200|1355ms
-> request: /v1/api/tickle
-> GET /v1/api/tickle,200|1762ms
-> request: /v1/api/tickle
-> GET /v1/api/tickle,200|1278ms
-> request: /v1/api/tickle
-> GET /v1/api/tickle,200|1979ms
-> request: /v1/api/tickle
-> GET /v1/api/tickle,200|1492ms
-> request: /v1/api/tickle
-> GET /v1/api/tickle,200|1280ms
-> request: /sso/ping
-> GET /sso/ping,200|1390ms
-> request: /v1/api/tickle
-> GET /v1/api/tickle,200|1400ms
-> request: /v1/api/tickle
-> GET /v1/api/tickle,200|1477ms
-> request: /v1/api/tickle
-> GET /v1/api/tickle,200|1281ms
-> request: /v1/api/tickle
-> GET /v1/api/tickle,200|1389ms
-> request: /v1/api/tickle
-> GET /v1/api/tickle,200|1502ms
-> request: /v1/api/tickle
-> GET /v1/api/tickle,200|1237ms
-> request: /v1/api/tickle
-> GET /v1/api/tickle,200|1409ms
-> request: /v1/api/tickle
-> GET /v1/api/tickle,200|1199ms
-> request: /v1/api/tickle
-> GET /v1/api/tickle,200|1311ms
-> request: /v1/api/tickle
-> GET /v1/api/tickle,200|1431ms
-> request: /sso/ping
-> GET /sso/ping,200|1232ms
-> request: /v1/api/tickle
-> GET /v1/api/tickle,200|1182ms
-> request: /v1/api/tickle
-> GET /v1/api/tickle,200|1341ms
-> request: /v1/api/tickle
-> GET /v1/api/tickle,200|1441ms
-> request: /v1/api/tickle
-> GET /v1/api/tickle,200|1248ms
-> request: /v1/api/tickle
-> GET /v1/api/tickle,200|1338ms
-> request: /v1/api/tickle
-> GET /v1/api/tickle,200|1442ms
-> request: /v1/api/tickle
-> GET /v1/api/tickle,200|1248ms
-> request: /v1/api/tickle
-> GET /v1/api/tickle,200|1355ms
-> request: /v1/api/tickle
-> GET /v1/api/tickle,200|1466ms
-> request: /v1/api/tickle
-> GET /v1/api/tickle,200|1259ms
-> request: /sso/ping
-> GET /sso/ping,200|1365ms
-> request: /v1/api/tickle
-> GET /v1/api/tickle,200|1381ms
-> request: /v1/api/tickle
-> GET /v1/api/tickle,200|1460ms
-> request: /v1/api/tickle
-> GET /v1/api/tickle,200|1572ms
-> request: /v1/api/tickle
-> GET /v1/api/tickle,200|1393ms
-> request: /v1/api/tickle
-> GET /v1/api/tickle,200|1491ms
-> request: /v1/api/tickle
-> GET /v1/api/tickle,200|1478ms
-> request: /v1/api/tickle
-> GET /v1/api/tickle,200|1381ms
-> request: /v1/api/tickle
-> GET /v1/api/tickle,200|1478ms
-> request: /v1/api/tickle
-> GET /v1/api/tickle,200|1027ms
-> request: /v1/api/tickle
-> GET /v1/api/tickle,200|1672ms
-> request: /sso/ping
-> GET /sso/ping,200|1191ms
-> request: /v1/api/tickle
-> GET /v1/api/tickle,200|2719ms
-> request: /v1/api/tickle
-> GET /v1/api/tickle,200|1269ms
-> request: /v1/api/tickle
-> GET /v1/api/tickle,200|1095ms
-> request: /v1/api/tickle
-> GET /v1/api/tickle,200|1020ms
-> request: /v1/api/tickle
-> GET /v1/api/tickle,200|1013ms
-> request: /v1/api/tickle
-> GET /v1/api/tickle,200|1039ms
-> request: /v1/api/tickle
-> GET /v1/api/tickle,200|1483ms
-> request: /v1/api/tickle
-> GET /v1/api/tickle,200|1005ms
-> request: /v1/api/tickle
-> GET /v1/api/tickle,200|1067ms
-> request: /v1/api/tickle
-> GET /v1/api/tickle,200|1040ms
-> request: /sso/ping
-> GET /sso/ping,200|1030ms
-> request: /v1/api/tickle
-> GET /v1/api/tickle,200|1049ms
-> request: /v1/api/tickle
-> GET /v1/api/tickle,200|1016ms
-> request: /v1/api/tickle
-> GET /v1/api/tickle,200|1053ms
-> request: /v1/api/tickle
-> GET /v1/api/tickle,200|1022ms
-> request: /v1/api/tickle
-> GET /v1/api/tickle,200|996ms
-> request: /v1/api/tickle
-> GET /v1/api/tickle,200|1047ms
-> request: /v1/api/tickle
-> GET /v1/api/tickle,200|990ms
-> request: /v1/api/tickle
-> GET /v1/api/tickle,200|1018ms
-> request: /v1/api/tickle
-> GET /v1/api/tickle,200|1092ms
-> request: /v1/api/tickle
-> GET /v1/api/tickle,200|1016ms
-> request: /sso/ping
-> GET /sso/ping,200|997ms
-> request: /v1/api/tickle
-> GET /v1/api/tickle,200|1042ms
-> request: /v1/api/tickle
-> GET /v1/api/tickle,200|1017ms
-> request: /v1/api/tickle
-> GET /v1/api/tickle,200|1067ms
-> request: /v1/api/tickle
-> GET /v1/api/tickle,200|1036ms
-> request: /v1/api/tickle
-> GET /v1/api/tickle,200|1007ms
-> request: /v1/api/tickle
-> GET /v1/api/tickle,200|1030ms
-> request: /v1/api/tickle
-> GET /v1/api/tickle,200|1008ms
-> request: /v1/api/tickle
-> GET /v1/api/tickle,200|1022ms
-> request: /v1/api/tickle
-> GET /v1/api/tickle,200|1093ms
-> request: /v1/api/tickle
-> GET /v1/api/tickle,200|1013ms
-> request: /sso/ping
-> GET /sso/ping,200|1561ms
-> request: /v1/api/tickle
-> GET /v1/api/tickle,200|1031ms
-> request: /v1/api/tickle
-> GET /v1/api/tickle,200|1036ms
-> request: /v1/api/tickle
-> GET /v1/api/tickle,200|1098ms
-> request: /v1/api/tickle
-> GET /v1/api/tickle,200|1095ms
-> request: /v1/api/tickle
-> GET /v1/api/tickle,200|1068ms
-> request: /v1/api/tickle
-> GET /v1/api/tickle,200|1067ms
-> request: /v1/api/tickle
-> GET /v1/api/tickle,200|1041ms
-> request: /v1/api/tickle
-> GET /v1/api/tickle,200|1068ms
-> request: /v1/api/tickle
-> GET /v1/api/tickle,200|1066ms
-> request: /v1/api/tickle
-> GET /v1/api/tickle,200|994ms
-> request: /sso/ping
-> GET /sso/ping,200|1022ms
-> request: /v1/api/tickle
-> GET /v1/api/tickle,200|1016ms
-> request: /v1/api/tickle
-> GET /v1/api/tickle,200|1389ms
-> request: /v1/api/tickle
-> GET /v1/api/tickle,200|1020ms
-> request: /v1/api/tickle
-> GET /v1/api/tickle,200|1020ms
-> request: /v1/api/tickle
-> GET /v1/api/tickle,200|997ms
-> request: /v1/api/tickle
-> GET /v1/api/tickle,200|1039ms
-> request: /v1/api/tickle
-> GET /v1/api/tickle,200|1056ms
-> request: /v1/api/tickle
-> GET /v1/api/tickle,200|1037ms
-> request: /v1/api/tickle
-> GET /v1/api/tickle,200|1016ms
-> request: /v1/api/tickle
-> GET /v1/api/tickle,200|1006ms
-> request: /sso/ping
-> GET /sso/ping,200|1007ms
-> request: /v1/api/tickle
-> GET /v1/api/tickle,200|1062ms
-> request: /v1/api/tickle
-> GET /v1/api/tickle,200|1039ms
-> request: /v1/api/tickle
-> GET /v1/api/tickle,200|1087ms
-> request: /v1/api/tickle
-> GET /v1/api/tickle,200|1064ms
-> request: /v1/api/tickle
-> GET /v1/api/tickle,200|1037ms
-> GET /v1/portal/iserver/auth/status
<- 401 GET /v1/portal/iserver/auth/status
-> request: /v1/api/tickle
-> GET /v1/api/tickle,200|1022ms
-> request: /v1/api/tickle
-> GET /v1/api/tickle,200|1005ms
-> request: /v1/api/tickle
-> GET /v1/api/tickle,200|1014ms
-> request: /v1/api/tickle
-> GET /v1/api/tickle,200|993ms
-> request: /v1/api/tickle
-> GET /v1/api/tickle,200|1062ms
-> request: /sso/ping
-> GET /sso/ping,200|1017ms
-> request: /v1/api/tickle
-> GET /v1/api/tickle,200|1047ms
-> request: /v1/api/tickle
-> GET /v1/api/tickle,200|1115ms
-> request: /v1/api/tickle
-> GET /v1/api/tickle,200|1021ms
-> request: /v1/api/tickle
-> GET /v1/api/tickle,200|1035ms
-> request: /v1/api/tickle
-> GET /v1/api/tickle,200|1013ms
-> request: /v1/api/tickle
-> GET /v1/api/tickle,200|991ms
-> request: /v1/api/tickle
-> GET /v1/api/tickle,200|1036ms
-> request: /v1/api/tickle
-> GET /v1/api/tickle,200|1072ms
-> request: /v1/api/tickle
-> GET /v1/api/tickle,200|1041ms
-> request: /v1/api/tickle
-> GET /v1/api/tickle,200|1065ms
-> request: /sso/ping
-> GET /sso/ping,200|1013ms
-> request: /v1/api/tickle
-> GET /v1/api/tickle,200|1076ms
-> request: /v1/api/tickle
-> GET /v1/api/tickle,200|1288ms
-> request: /v1/api/tickle
-> GET /v1/api/tickle,200|2005ms
-> request: /v1/api/tickle
-> GET /v1/api/tickle,200|1068ms
-> request: /v1/api/tickle
-> GET /v1/api/tickle,200|1210ms
-> request: /v1/api/tickle
-> GET /v1/api/tickle,200|1400ms
-> request: /v1/api/tickle
-> GET /v1/api/tickle,200|1492ms
-> request: /v1/api/tickle
